# Logfile created on 2017-09-22 17:59:10 +0000 by logger.rb/47272
A, [2017-09-22T17:59:10.842442 #2677]   ANY -- : healthd daemon 1.0.3 initialized
W, [2017-09-22T17:59:10.906893 #2677]  WARN -- : log file "/var/log/nginx/healthd/application.log.2017-09-22-17" does not exist
W, [2017-09-22T17:59:15.907164 #2677]  WARN -- : log file "/var/log/nginx/healthd/application.log.2017-09-22-17" does not exist
W, [2017-09-22T17:59:21.479070 #2677]  WARN -- : log file "/var/log/nginx/healthd/application.log.2017-09-22-17" does not exist
W, [2017-09-22T17:59:26.479378 #2677]  WARN -- : log file "/var/log/nginx/healthd/application.log.2017-09-22-17" does not exist
W, [2017-09-22T17:59:31.479627 #2677]  WARN -- : log file "/var/log/nginx/healthd/application.log.2017-09-22-17" does not exist
W, [2017-09-22T17:59:36.479892 #2677]  WARN -- : log file "/var/log/nginx/healthd/application.log.2017-09-22-17" does not exist
W, [2017-09-22T17:59:41.480132 #2677]  WARN -- : log file "/var/log/nginx/healthd/application.log.2017-09-22-17" does not exist
W, [2017-09-22T17:59:46.480362 #2677]  WARN -- : log file "/var/log/nginx/healthd/application.log.2017-09-22-17" does not exist
W, [2017-09-22T17:59:51.480637 #2677]  WARN -- : log file "/var/log/nginx/healthd/application.log.2017-09-22-17" does not exist
W, [2017-09-22T17:59:56.480941 #2677]  WARN -- : log file "/var/log/nginx/healthd/application.log.2017-09-22-17" does not exist
W, [2017-09-22T18:00:01.481256 #2677]  WARN -- : log file "/var/log/nginx/healthd/application.log.2017-09-22-18" does not exist
W, [2017-09-22T18:00:06.481563 #2677]  WARN -- : log file "/var/log/nginx/healthd/application.log.2017-09-22-18" does not exist
W, [2017-09-22T18:00:11.481851 #2677]  WARN -- : log file "/var/log/nginx/healthd/application.log.2017-09-22-18" does not exist
W, [2017-09-22T18:00:16.482162 #2677]  WARN -- : log file "/var/log/nginx/healthd/application.log.2017-09-22-18" does not exist
W, [2017-09-22T18:00:21.482451 #2677]  WARN -- : log file "/var/log/nginx/healthd/application.log.2017-09-22-18" does not exist
W, [2017-09-22T18:00:26.482747 #2677]  WARN -- : log file "/var/log/nginx/healthd/application.log.2017-09-22-18" does not exist
W, [2017-09-22T18:00:31.483078 #2677]  WARN -- : log file "/var/log/nginx/healthd/application.log.2017-09-22-18" does not exist
W, [2017-09-22T18:00:36.483374 #2677]  WARN -- : log file "/var/log/nginx/healthd/application.log.2017-09-22-18" does not exist
W, [2017-09-22T18:00:41.483759 #2677]  WARN -- : log file "/var/log/nginx/healthd/application.log.2017-09-22-18" does not exist
W, [2017-09-22T18:00:46.484045 #2677]  WARN -- : log file "/var/log/nginx/healthd/application.log.2017-09-22-18" does not exist
W, [2017-09-22T18:00:51.484370 #2677]  WARN -- : log file "/var/log/nginx/healthd/application.log.2017-09-22-18" does not exist
W, [2017-09-22T18:00:56.484646 #2677]  WARN -- : log file "/var/log/nginx/healthd/application.log.2017-09-22-18" does not exist
W, [2017-09-22T18:01:01.484920 #2677]  WARN -- : log file "/var/log/nginx/healthd/application.log.2017-09-22-18" does not exist
W, [2017-09-22T18:01:06.485211 #2677]  WARN -- : log file "/var/log/nginx/healthd/application.log.2017-09-22-18" does not exist
W, [2017-09-22T18:01:11.485520 #2677]  WARN -- : log file "/var/log/nginx/healthd/application.log.2017-09-22-18" does not exist
W, [2017-09-22T18:01:16.485788 #2677]  WARN -- : log file "/var/log/nginx/healthd/application.log.2017-09-22-18" does not exist
W, [2017-09-22T18:01:21.486085 #2677]  WARN -- : log file "/var/log/nginx/healthd/application.log.2017-09-22-18" does not exist
W, [2017-09-22T18:01:26.486381 #2677]  WARN -- : log file "/var/log/nginx/healthd/application.log.2017-09-22-18" does not exist
W, [2017-09-22T18:01:31.486658 #2677]  WARN -- : log file "/var/log/nginx/healthd/application.log.2017-09-22-18" does not exist
W, [2017-09-22T18:01:36.486964 #2677]  WARN -- : log file "/var/log/nginx/healthd/application.log.2017-09-22-18" does not exist
W, [2017-09-22T18:07:50.860107 #2677]  WARN -- : discarding statistic item after validation error (Invalid timestamp): {:id=>"0", :namespace=>"application", :timestamp=>1506103340, :data=>"{\"duration\":10,\"latency_histogram\":[[0.0,2],[0.001,3],[0.004,1]],\"http_counters\":{\"status_404\":6,\"request_count\":6}}"}
W, [2017-09-22T18:19:30.861361 #2677]  WARN -- : discarding statistic item after validation error (Invalid timestamp): {:id=>"0", :namespace=>"application", :timestamp=>1506103700, :data=>"{\"duration\":10,\"latency_histogram\":[[0.0,1],[0.001,1]],\"http_counters\":{\"status_404\":2,\"request_count\":2}}"}
W, [2017-09-22T18:26:40.860828 #2677]  WARN -- : discarding statistic item after validation error (Invalid timestamp): {:id=>"1", :namespace=>"application", :timestamp=>1506104380, :data=>"{\"duration\":10,\"latency_histogram\":[[0.0,19],[0.001,47],[0.002,5],[0.003,1],[0.004,1],[0.005,1],[0.018,1]],\"http_counters\":{\"status_404\":75,\"request_count\":75}}"}
W, [2017-09-22T18:31:30.860851 #2677]  WARN -- : discarding statistic item after validation error (Invalid timestamp): {:id=>"0", :namespace=>"application", :timestamp=>1506104910, :data=>"{\"duration\":10,\"latency_histogram\":[[0.001,1],[0.008,1],[0.074,1],[0.09,1],[0.391,1]],\"http_counters\":{\"status_200\":3,\"request_count\":5,\"status_403\":1,\"status_304\":1}}"}
W, [2017-09-22T18:35:30.866522 #2677]  WARN -- : discarding statistic item after validation error (Invalid timestamp): {:id=>"0", :namespace=>"application", :timestamp=>1506105150, :data=>"{\"duration\":10,\"latency_histogram\":[[0.003,1],[0.016,1],[0.027,1],[0.034,1],[0.035,1],[0.115,1]],\"http_counters\":{\"status_200\":1,\"request_count\":6,\"status_304\":5}}"}
W, [2017-09-22T19:00:01.128232 #2677]  WARN -- : log file "/var/log/nginx/healthd/application.log.2017-09-22-19" does not exist
W, [2017-09-22T19:00:06.128551 #2677]  WARN -- : log file "/var/log/nginx/healthd/application.log.2017-09-22-19" does not exist
W, [2017-09-22T19:00:11.128829 #2677]  WARN -- : log file "/var/log/nginx/healthd/application.log.2017-09-22-19" does not exist
W, [2017-09-22T19:00:16.129128 #2677]  WARN -- : log file "/var/log/nginx/healthd/application.log.2017-09-22-19" does not exist
W, [2017-09-22T19:00:21.129413 #2677]  WARN -- : log file "/var/log/nginx/healthd/application.log.2017-09-22-19" does not exist
W, [2017-09-22T19:00:26.129717 #2677]  WARN -- : log file "/var/log/nginx/healthd/application.log.2017-09-22-19" does not exist
W, [2017-09-22T19:00:31.130053 #2677]  WARN -- : log file "/var/log/nginx/healthd/application.log.2017-09-22-19" does not exist
W, [2017-09-22T19:00:36.130349 #2677]  WARN -- : log file "/var/log/nginx/healthd/application.log.2017-09-22-19" does not exist
W, [2017-09-22T19:00:41.130693 #2677]  WARN -- : log file "/var/log/nginx/healthd/application.log.2017-09-22-19" does not exist
W, [2017-09-22T19:00:46.130962 #2677]  WARN -- : log file "/var/log/nginx/healthd/application.log.2017-09-22-19" does not exist
W, [2017-09-22T19:00:51.131260 #2677]  WARN -- : log file "/var/log/nginx/healthd/application.log.2017-09-22-19" does not exist
W, [2017-09-22T19:00:56.131546 #2677]  WARN -- : log file "/var/log/nginx/healthd/application.log.2017-09-22-19" does not exist
W, [2017-09-22T19:01:01.131844 #2677]  WARN -- : log file "/var/log/nginx/healthd/application.log.2017-09-22-19" does not exist
W, [2017-09-22T19:01:06.132139 #2677]  WARN -- : log file "/var/log/nginx/healthd/application.log.2017-09-22-19" does not exist
W, [2017-09-22T19:01:11.132427 #2677]  WARN -- : log file "/var/log/nginx/healthd/application.log.2017-09-22-19" does not exist
W, [2017-09-22T19:01:16.132715 #2677]  WARN -- : log file "/var/log/nginx/healthd/application.log.2017-09-22-19" does not exist
W, [2017-09-22T19:01:21.132996 #2677]  WARN -- : log file "/var/log/nginx/healthd/application.log.2017-09-22-19" does not exist
W, [2017-09-22T19:01:26.133281 #2677]  WARN -- : log file "/var/log/nginx/healthd/application.log.2017-09-22-19" does not exist
W, [2017-09-22T19:01:31.133602 #2677]  WARN -- : log file "/var/log/nginx/healthd/application.log.2017-09-22-19" does not exist
W, [2017-09-22T19:01:36.133875 #2677]  WARN -- : log file "/var/log/nginx/healthd/application.log.2017-09-22-19" does not exist
W, [2017-09-22T19:01:41.134192 #2677]  WARN -- : log file "/var/log/nginx/healthd/application.log.2017-09-22-19" does not exist
W, [2017-09-22T19:01:46.134461 #2677]  WARN -- : log file "/var/log/nginx/healthd/application.log.2017-09-22-19" does not exist
W, [2017-09-22T19:01:51.134761 #2677]  WARN -- : log file "/var/log/nginx/healthd/application.log.2017-09-22-19" does not exist
W, [2017-09-22T19:01:56.135047 #2677]  WARN -- : log file "/var/log/nginx/healthd/application.log.2017-09-22-19" does not exist
W, [2017-09-22T19:02:01.135331 #2677]  WARN -- : log file "/var/log/nginx/healthd/application.log.2017-09-22-19" does not exist
W, [2017-09-22T19:02:06.135625 #2677]  WARN -- : log file "/var/log/nginx/healthd/application.log.2017-09-22-19" does not exist
W, [2017-09-22T19:02:11.135985 #2677]  WARN -- : log file "/var/log/nginx/healthd/application.log.2017-09-22-19" does not exist
W, [2017-09-22T19:02:16.136249 #2677]  WARN -- : log file "/var/log/nginx/healthd/application.log.2017-09-22-19" does not exist
W, [2017-09-22T19:02:21.136535 #2677]  WARN -- : log file "/var/log/nginx/healthd/application.log.2017-09-22-19" does not exist
W, [2017-09-22T19:02:26.136853 #2677]  WARN -- : log file "/var/log/nginx/healthd/application.log.2017-09-22-19" does not exist
W, [2017-09-22T19:02:31.137131 #2677]  WARN -- : log file "/var/log/nginx/healthd/application.log.2017-09-22-19" does not exist
W, [2017-09-22T19:02:36.137410 #2677]  WARN -- : log file "/var/log/nginx/healthd/application.log.2017-09-22-19" does not exist
W, [2017-09-22T19:02:41.137703 #2677]  WARN -- : log file "/var/log/nginx/healthd/application.log.2017-09-22-19" does not exist
W, [2017-09-22T19:02:46.137987 #2677]  WARN -- : log file "/var/log/nginx/healthd/application.log.2017-09-22-19" does not exist
W, [2017-09-22T19:02:51.138275 #2677]  WARN -- : log file "/var/log/nginx/healthd/application.log.2017-09-22-19" does not exist
W, [2017-09-22T19:02:56.138577 #2677]  WARN -- : log file "/var/log/nginx/healthd/application.log.2017-09-22-19" does not exist
W, [2017-09-22T19:03:01.138862 #2677]  WARN -- : log file "/var/log/nginx/healthd/application.log.2017-09-22-19" does not exist
W, [2017-09-22T19:03:06.139151 #2677]  WARN -- : log file "/var/log/nginx/healthd/application.log.2017-09-22-19" does not exist
W, [2017-09-22T19:03:11.139433 #2677]  WARN -- : log file "/var/log/nginx/healthd/application.log.2017-09-22-19" does not exist
W, [2017-09-22T19:03:16.139698 #2677]  WARN -- : log file "/var/log/nginx/healthd/application.log.2017-09-22-19" does not exist
W, [2017-09-22T19:03:21.139957 #2677]  WARN -- : log file "/var/log/nginx/healthd/application.log.2017-09-22-19" does not exist
W, [2017-09-22T19:03:26.140294 #2677]  WARN -- : log file "/var/log/nginx/healthd/application.log.2017-09-22-19" does not exist
W, [2017-09-22T19:03:31.140577 #2677]  WARN -- : log file "/var/log/nginx/healthd/application.log.2017-09-22-19" does not exist
W, [2017-09-22T19:03:36.140865 #2677]  WARN -- : log file "/var/log/nginx/healthd/application.log.2017-09-22-19" does not exist
W, [2017-09-22T19:03:41.141151 #2677]  WARN -- : log file "/var/log/nginx/healthd/application.log.2017-09-22-19" does not exist
W, [2017-09-22T19:03:46.141455 #2677]  WARN -- : log file "/var/log/nginx/healthd/application.log.2017-09-22-19" does not exist
W, [2017-09-22T19:03:51.141746 #2677]  WARN -- : log file "/var/log/nginx/healthd/application.log.2017-09-22-19" does not exist
W, [2017-09-22T19:03:56.142057 #2677]  WARN -- : log file "/var/log/nginx/healthd/application.log.2017-09-22-19" does not exist
W, [2017-09-22T19:04:01.142348 #2677]  WARN -- : log file "/var/log/nginx/healthd/application.log.2017-09-22-19" does not exist
W, [2017-09-22T19:04:06.143208 #2677]  WARN -- : log file "/var/log/nginx/healthd/application.log.2017-09-22-19" does not exist
W, [2017-09-22T19:04:11.143485 #2677]  WARN -- : log file "/var/log/nginx/healthd/application.log.2017-09-22-19" does not exist
W, [2017-09-22T19:04:16.143793 #2677]  WARN -- : log file "/var/log/nginx/healthd/application.log.2017-09-22-19" does not exist
W, [2017-09-22T19:04:21.144086 #2677]  WARN -- : log file "/var/log/nginx/healthd/application.log.2017-09-22-19" does not exist
W, [2017-09-22T19:04:26.144391 #2677]  WARN -- : log file "/var/log/nginx/healthd/application.log.2017-09-22-19" does not exist
W, [2017-09-22T19:04:31.144680 #2677]  WARN -- : log file "/var/log/nginx/healthd/application.log.2017-09-22-19" does not exist
W, [2017-09-22T19:04:36.144996 #2677]  WARN -- : log file "/var/log/nginx/healthd/application.log.2017-09-22-19" does not exist
W, [2017-09-22T19:04:41.145278 #2677]  WARN -- : log file "/var/log/nginx/healthd/application.log.2017-09-22-19" does not exist
W, [2017-09-22T19:04:46.145592 #2677]  WARN -- : log file "/var/log/nginx/healthd/application.log.2017-09-22-19" does not exist
W, [2017-09-22T19:04:51.145886 #2677]  WARN -- : log file "/var/log/nginx/healthd/application.log.2017-09-22-19" does not exist
W, [2017-09-22T19:04:56.146173 #2677]  WARN -- : log file "/var/log/nginx/healthd/application.log.2017-09-22-19" does not exist
W, [2017-09-22T19:05:01.146478 #2677]  WARN -- : log file "/var/log/nginx/healthd/application.log.2017-09-22-19" does not exist
W, [2017-09-22T19:05:06.146763 #2677]  WARN -- : log file "/var/log/nginx/healthd/application.log.2017-09-22-19" does not exist
W, [2017-09-22T19:05:11.147021 #2677]  WARN -- : log file "/var/log/nginx/healthd/application.log.2017-09-22-19" does not exist
W, [2017-09-22T19:05:16.147321 #2677]  WARN -- : log file "/var/log/nginx/healthd/application.log.2017-09-22-19" does not exist
W, [2017-09-22T19:05:21.147594 #2677]  WARN -- : log file "/var/log/nginx/healthd/application.log.2017-09-22-19" does not exist
W, [2017-09-22T19:05:26.147882 #2677]  WARN -- : log file "/var/log/nginx/healthd/application.log.2017-09-22-19" does not exist
W, [2017-09-22T19:05:31.148171 #2677]  WARN -- : log file "/var/log/nginx/healthd/application.log.2017-09-22-19" does not exist
W, [2017-09-22T19:05:36.148489 #2677]  WARN -- : log file "/var/log/nginx/healthd/application.log.2017-09-22-19" does not exist
W, [2017-09-22T19:05:41.148799 #2677]  WARN -- : log file "/var/log/nginx/healthd/application.log.2017-09-22-19" does not exist
W, [2017-09-22T19:05:46.149143 #2677]  WARN -- : log file "/var/log/nginx/healthd/application.log.2017-09-22-19" does not exist
W, [2017-09-22T19:05:51.149425 #2677]  WARN -- : log file "/var/log/nginx/healthd/application.log.2017-09-22-19" does not exist
W, [2017-09-22T19:05:56.149737 #2677]  WARN -- : log file "/var/log/nginx/healthd/application.log.2017-09-22-19" does not exist
W, [2017-09-22T19:06:01.150074 #2677]  WARN -- : log file "/var/log/nginx/healthd/application.log.2017-09-22-19" does not exist
W, [2017-09-22T19:06:06.150389 #2677]  WARN -- : log file "/var/log/nginx/healthd/application.log.2017-09-22-19" does not exist
W, [2017-09-22T19:06:11.150671 #2677]  WARN -- : log file "/var/log/nginx/healthd/application.log.2017-09-22-19" does not exist
W, [2017-09-22T19:06:16.150964 #2677]  WARN -- : log file "/var/log/nginx/healthd/application.log.2017-09-22-19" does not exist
W, [2017-09-22T19:06:21.151252 #2677]  WARN -- : log file "/var/log/nginx/healthd/application.log.2017-09-22-19" does not exist
W, [2017-09-22T19:06:26.151543 #2677]  WARN -- : log file "/var/log/nginx/healthd/application.log.2017-09-22-19" does not exist
W, [2017-09-22T19:06:31.151817 #2677]  WARN -- : log file "/var/log/nginx/healthd/application.log.2017-09-22-19" does not exist
W, [2017-09-22T19:06:36.152144 #2677]  WARN -- : log file "/var/log/nginx/healthd/application.log.2017-09-22-19" does not exist
W, [2017-09-22T19:06:41.152436 #2677]  WARN -- : log file "/var/log/nginx/healthd/application.log.2017-09-22-19" does not exist
W, [2017-09-22T19:06:46.152772 #2677]  WARN -- : log file "/var/log/nginx/healthd/application.log.2017-09-22-19" does not exist
W, [2017-09-22T19:06:51.153122 #2677]  WARN -- : log file "/var/log/nginx/healthd/application.log.2017-09-22-19" does not exist
W, [2017-09-22T19:06:56.153407 #2677]  WARN -- : log file "/var/log/nginx/healthd/application.log.2017-09-22-19" does not exist
W, [2017-09-22T19:07:01.153701 #2677]  WARN -- : log file "/var/log/nginx/healthd/application.log.2017-09-22-19" does not exist
W, [2017-09-22T19:07:06.154031 #2677]  WARN -- : log file "/var/log/nginx/healthd/application.log.2017-09-22-19" does not exist
W, [2017-09-22T19:07:11.154302 #2677]  WARN -- : log file "/var/log/nginx/healthd/application.log.2017-09-22-19" does not exist
W, [2017-09-22T19:07:16.154641 #2677]  WARN -- : log file "/var/log/nginx/healthd/application.log.2017-09-22-19" does not exist
W, [2017-09-22T19:07:21.154962 #2677]  WARN -- : log file "/var/log/nginx/healthd/application.log.2017-09-22-19" does not exist
W, [2017-09-22T19:07:26.155271 #2677]  WARN -- : log file "/var/log/nginx/healthd/application.log.2017-09-22-19" does not exist
W, [2017-09-22T19:07:31.155547 #2677]  WARN -- : log file "/var/log/nginx/healthd/application.log.2017-09-22-19" does not exist
W, [2017-09-22T19:07:36.155836 #2677]  WARN -- : log file "/var/log/nginx/healthd/application.log.2017-09-22-19" does not exist
W, [2017-09-22T19:07:41.156171 #2677]  WARN -- : log file "/var/log/nginx/healthd/application.log.2017-09-22-19" does not exist
W, [2017-09-22T19:07:46.156464 #2677]  WARN -- : log file "/var/log/nginx/healthd/application.log.2017-09-22-19" does not exist
W, [2017-09-22T19:07:51.156786 #2677]  WARN -- : log file "/var/log/nginx/healthd/application.log.2017-09-22-19" does not exist
W, [2017-09-22T19:07:56.157040 #2677]  WARN -- : log file "/var/log/nginx/healthd/application.log.2017-09-22-19" does not exist
W, [2017-09-22T19:08:01.157332 #2677]  WARN -- : log file "/var/log/nginx/healthd/application.log.2017-09-22-19" does not exist
W, [2017-09-22T19:08:06.157621 #2677]  WARN -- : log file "/var/log/nginx/healthd/application.log.2017-09-22-19" does not exist
W, [2017-09-22T19:08:11.157909 #2677]  WARN -- : log file "/var/log/nginx/healthd/application.log.2017-09-22-19" does not exist
W, [2017-09-22T19:08:16.158185 #2677]  WARN -- : log file "/var/log/nginx/healthd/application.log.2017-09-22-19" does not exist
W, [2017-09-22T19:08:21.158471 #2677]  WARN -- : log file "/var/log/nginx/healthd/application.log.2017-09-22-19" does not exist
W, [2017-09-22T19:08:26.158818 #2677]  WARN -- : log file "/var/log/nginx/healthd/application.log.2017-09-22-19" does not exist
W, [2017-09-22T19:08:31.159112 #2677]  WARN -- : log file "/var/log/nginx/healthd/application.log.2017-09-22-19" does not exist
W, [2017-09-22T19:08:36.159441 #2677]  WARN -- : log file "/var/log/nginx/healthd/application.log.2017-09-22-19" does not exist
W, [2017-09-22T19:08:41.159709 #2677]  WARN -- : log file "/var/log/nginx/healthd/application.log.2017-09-22-19" does not exist
W, [2017-09-22T19:08:46.159982 #2677]  WARN -- : log file "/var/log/nginx/healthd/application.log.2017-09-22-19" does not exist
W, [2017-09-22T19:08:51.160249 #2677]  WARN -- : log file "/var/log/nginx/healthd/application.log.2017-09-22-19" does not exist
W, [2017-09-22T19:08:56.160535 #2677]  WARN -- : log file "/var/log/nginx/healthd/application.log.2017-09-22-19" does not exist
W, [2017-09-22T19:09:01.160855 #2677]  WARN -- : log file "/var/log/nginx/healthd/application.log.2017-09-22-19" does not exist
W, [2017-09-22T19:09:06.161153 #2677]  WARN -- : log file "/var/log/nginx/healthd/application.log.2017-09-22-19" does not exist
W, [2017-09-22T19:09:11.161439 #2677]  WARN -- : log file "/var/log/nginx/healthd/application.log.2017-09-22-19" does not exist
W, [2017-09-22T19:09:16.161720 #2677]  WARN -- : log file "/var/log/nginx/healthd/application.log.2017-09-22-19" does not exist
W, [2017-09-22T19:09:21.161999 #2677]  WARN -- : log file "/var/log/nginx/healthd/application.log.2017-09-22-19" does not exist
W, [2017-09-22T19:09:26.162277 #2677]  WARN -- : log file "/var/log/nginx/healthd/application.log.2017-09-22-19" does not exist
W, [2017-09-22T19:09:31.162552 #2677]  WARN -- : log file "/var/log/nginx/healthd/application.log.2017-09-22-19" does not exist
W, [2017-09-22T19:09:36.162801 #2677]  WARN -- : log file "/var/log/nginx/healthd/application.log.2017-09-22-19" does not exist
W, [2017-09-22T19:09:41.163097 #2677]  WARN -- : log file "/var/log/nginx/healthd/application.log.2017-09-22-19" does not exist
W, [2017-09-22T19:09:46.163375 #2677]  WARN -- : log file "/var/log/nginx/healthd/application.log.2017-09-22-19" does not exist
W, [2017-09-22T19:09:51.163638 #2677]  WARN -- : log file "/var/log/nginx/healthd/application.log.2017-09-22-19" does not exist
W, [2017-09-22T19:09:56.163959 #2677]  WARN -- : log file "/var/log/nginx/healthd/application.log.2017-09-22-19" does not exist
W, [2017-09-22T19:10:01.164214 #2677]  WARN -- : log file "/var/log/nginx/healthd/application.log.2017-09-22-19" does not exist
W, [2017-09-22T19:10:06.164506 #2677]  WARN -- : log file "/var/log/nginx/healthd/application.log.2017-09-22-19" does not exist
W, [2017-09-22T19:10:11.164786 #2677]  WARN -- : log file "/var/log/nginx/healthd/application.log.2017-09-22-19" does not exist
W, [2017-09-22T19:10:16.165069 #2677]  WARN -- : log file "/var/log/nginx/healthd/application.log.2017-09-22-19" does not exist
W, [2017-09-22T19:10:21.165328 #2677]  WARN -- : log file "/var/log/nginx/healthd/application.log.2017-09-22-19" does not exist
W, [2017-09-22T19:10:26.165663 #2677]  WARN -- : log file "/var/log/nginx/healthd/application.log.2017-09-22-19" does not exist
W, [2017-09-22T19:10:31.165933 #2677]  WARN -- : log file "/var/log/nginx/healthd/application.log.2017-09-22-19" does not exist
W, [2017-09-22T19:10:36.166230 #2677]  WARN -- : log file "/var/log/nginx/healthd/application.log.2017-09-22-19" does not exist
W, [2017-09-22T19:10:41.166497 #2677]  WARN -- : log file "/var/log/nginx/healthd/application.log.2017-09-22-19" does not exist
W, [2017-09-22T19:10:46.166796 #2677]  WARN -- : log file "/var/log/nginx/healthd/application.log.2017-09-22-19" does not exist
W, [2017-09-22T19:10:51.167067 #2677]  WARN -- : log file "/var/log/nginx/healthd/application.log.2017-09-22-19" does not exist
W, [2017-09-22T19:10:56.167345 #2677]  WARN -- : log file "/var/log/nginx/healthd/application.log.2017-09-22-19" does not exist
W, [2017-09-22T19:11:01.167621 #2677]  WARN -- : log file "/var/log/nginx/healthd/application.log.2017-09-22-19" does not exist
W, [2017-09-22T19:11:06.167919 #2677]  WARN -- : log file "/var/log/nginx/healthd/application.log.2017-09-22-19" does not exist
W, [2017-09-22T19:11:11.168204 #2677]  WARN -- : log file "/var/log/nginx/healthd/application.log.2017-09-22-19" does not exist
W, [2017-09-22T19:11:16.168486 #2677]  WARN -- : log file "/var/log/nginx/healthd/application.log.2017-09-22-19" does not exist
W, [2017-09-22T19:11:21.168793 #2677]  WARN -- : log file "/var/log/nginx/healthd/application.log.2017-09-22-19" does not exist
W, [2017-09-22T19:11:26.169074 #2677]  WARN -- : log file "/var/log/nginx/healthd/application.log.2017-09-22-19" does not exist
W, [2017-09-22T19:11:31.169366 #2677]  WARN -- : log file "/var/log/nginx/healthd/application.log.2017-09-22-19" does not exist
W, [2017-09-22T19:11:36.169619 #2677]  WARN -- : log file "/var/log/nginx/healthd/application.log.2017-09-22-19" does not exist
W, [2017-09-22T19:11:41.169949 #2677]  WARN -- : log file "/var/log/nginx/healthd/application.log.2017-09-22-19" does not exist
W, [2017-09-22T19:11:46.170219 #2677]  WARN -- : log file "/var/log/nginx/healthd/application.log.2017-09-22-19" does not exist
W, [2017-09-22T19:11:51.170505 #2677]  WARN -- : log file "/var/log/nginx/healthd/application.log.2017-09-22-19" does not exist
W, [2017-09-22T19:11:56.170786 #2677]  WARN -- : log file "/var/log/nginx/healthd/application.log.2017-09-22-19" does not exist
W, [2017-09-22T19:12:01.171081 #2677]  WARN -- : log file "/var/log/nginx/healthd/application.log.2017-09-22-19" does not exist
W, [2017-09-22T19:12:06.171409 #2677]  WARN -- : log file "/var/log/nginx/healthd/application.log.2017-09-22-19" does not exist
W, [2017-09-22T19:12:11.171742 #2677]  WARN -- : log file "/var/log/nginx/healthd/application.log.2017-09-22-19" does not exist
W, [2017-09-22T19:12:16.172094 #2677]  WARN -- : log file "/var/log/nginx/healthd/application.log.2017-09-22-19" does not exist
W, [2017-09-22T19:12:21.172410 #2677]  WARN -- : log file "/var/log/nginx/healthd/application.log.2017-09-22-19" does not exist
W, [2017-09-22T19:12:26.172690 #2677]  WARN -- : log file "/var/log/nginx/healthd/application.log.2017-09-22-19" does not exist
W, [2017-09-22T19:12:31.172969 #2677]  WARN -- : log file "/var/log/nginx/healthd/application.log.2017-09-22-19" does not exist
W, [2017-09-22T19:12:36.173255 #2677]  WARN -- : log file "/var/log/nginx/healthd/application.log.2017-09-22-19" does not exist
