2017-09-22 17:59:10,988 P2688 [INFO] ************************************************************
2017-09-22 17:59:10,988 P2688 [INFO] ConfigSet _OnInstanceBoot
2017-09-22 17:59:10,992 P2688 [INFO] ++++++++++++++++++++++++++++++++++++++++++++++++++++++++++++
2017-09-22 17:59:10,993 P2688 [INFO] Config AWSEBBaseConfig
2017-09-22 17:59:10,994 P2688 [INFO] ============================================================
2017-09-22 17:59:10,994 P2688 [INFO] Command clearbackupfiles
2017-09-22 17:59:10,997 P2688 [INFO] Completed successfully.
2017-09-22 17:59:11,003 P2688 [INFO] ++++++++++++++++++++++++++++++++++++++++++++++++++++++++++++
2017-09-22 17:59:11,003 P2688 [INFO] Config AWSEBMessageOfTheDay
2017-09-22 17:59:11,004 P2688 [INFO] ============================================================
2017-09-22 17:59:11,004 P2688 [INFO] Command 01clearoriginal
2017-09-22 17:59:11,006 P2688 [INFO] Completed successfully.
2017-09-22 17:59:11,007 P2688 [INFO] ============================================================
2017-09-22 17:59:11,007 P2688 [INFO] Command 02createbanner
2017-09-22 17:59:11,010 P2688 [INFO] Completed successfully.
2017-09-22 17:59:11,011 P2688 [INFO] ============================================================
2017-09-22 17:59:11,011 P2688 [INFO] Command 03updatebanner
2017-09-22 17:59:11,020 P2688 [INFO] Completed successfully.
2017-09-22 17:59:11,025 P2688 [INFO] ++++++++++++++++++++++++++++++++++++++++++++++++++++++++++++
2017-09-22 17:59:11,025 P2688 [INFO] Config AWSEBULimitConfig
2017-09-22 17:59:11,026 P2688 [INFO] ============================================================
2017-09-22 17:59:11,026 P2688 [INFO] Command 00removebackup
2017-09-22 17:59:11,029 P2688 [INFO] Completed successfully.
2017-09-22 17:59:11,034 P2688 [INFO] ++++++++++++++++++++++++++++++++++++++++++++++++++++++++++++
2017-09-22 17:59:11,034 P2688 [INFO] Config Infra-InstallContainerHooksPkg
2017-09-22 17:59:11,034 P2688 [INFO] ============================================================
2017-09-22 17:59:11,035 P2688 [INFO] Command 00mkdir
2017-09-22 17:59:11,037 P2688 [INFO] Completed successfully.
2017-09-22 17:59:11,037 P2688 [INFO] ============================================================
2017-09-22 17:59:11,037 P2688 [INFO] Command 01download_container_hooks
2017-09-22 17:59:11,192 P2688 [INFO] Completed successfully.
2017-09-22 17:59:11,192 P2688 [INFO] ============================================================
2017-09-22 17:59:11,192 P2688 [INFO] Command 02install_container_hooks
2017-09-22 17:59:11,198 P2688 [INFO] Completed successfully.
2017-09-22 17:59:11,199 P2688 [INFO] ============================================================
2017-09-22 17:59:11,199 P2688 [INFO] Command 03cleanup
2017-09-22 17:59:11,201 P2688 [INFO] Completed successfully.
2017-09-22 17:59:11,207 P2688 [INFO] ++++++++++++++++++++++++++++++++++++++++++++++++++++++++++++
2017-09-22 17:59:11,207 P2688 [INFO] Config Infra-WriteLeaderTestScript
2017-09-22 17:59:11,212 P2688 [INFO] ++++++++++++++++++++++++++++++++++++++++++++++++++++++++++++
2017-09-22 17:59:11,212 P2688 [INFO] Config Infra-WriteTailLogsConf
2017-09-22 17:59:11,217 P2688 [INFO] ++++++++++++++++++++++++++++++++++++++++++++++++++++++++++++
2017-09-22 17:59:11,217 P2688 [INFO] Config Infra-WriteSystemTailLogsConf
2017-09-22 17:59:11,222 P2688 [INFO] ++++++++++++++++++++++++++++++++++++++++++++++++++++++++++++
2017-09-22 17:59:11,222 P2688 [INFO] Config Infra-WriteBundleLogsConf
2017-09-22 17:59:11,227 P2688 [INFO] ++++++++++++++++++++++++++++++++++++++++++++++++++++++++++++
2017-09-22 17:59:11,227 P2688 [INFO] Config Infra-WritePublishLogsConf
2017-09-22 17:59:11,231 P2688 [INFO] ++++++++++++++++++++++++++++++++++++++++++++++++++++++++++++
2017-09-22 17:59:11,231 P2688 [INFO] Config Infra-WritePublishLogsCron
2017-09-22 17:59:18,239 P3003 [INFO] ************************************************************
2017-09-22 17:59:18,239 P3003 [INFO] ConfigSet Infra-EmbeddedPreBuild
2017-09-22 17:59:42,451 P3262 [INFO] ************************************************************
2017-09-22 17:59:42,451 P3262 [INFO] ConfigSet Infra-EmbeddedPostBuild
2017-09-22 18:29:52,818 P25589 [INFO] ************************************************************
2017-09-22 18:29:52,818 P25589 [INFO] ConfigSet Infra-EmbeddedPreBuild
2017-09-22 18:30:14,308 P25848 [INFO] ************************************************************
2017-09-22 18:30:14,308 P25848 [INFO] ConfigSet Infra-EmbeddedPostBuild
