2017-09-22 17:59:49,341 [DEBUG] CloudFormation client initialized with endpoint https://cloudformation.eu-west-1.amazonaws.com
2017-09-22 17:59:49,342 [DEBUG] SQS client initialized with endpoint https://eu-west-1.queue.amazonaws.com
2017-09-22 17:59:49,342 [DEBUG] CloudFormation client initialized with endpoint https://cloudformation.eu-west-1.amazonaws.com
2017-09-22 17:59:49,342 [DEBUG] Enabled single threading mode.
2017-09-22 17:59:49,342 [DEBUG] Creating /var/lib/cfn-hup/data
2017-09-22 17:59:49,353 [DEBUG] Registering listener i-05fcfa78c9270316d for stack arn:aws:cloudformation:eu-west-1:470576480462:stack/awseb-e-yxqk2dspb5-stack/350dd830-330d-11e6-9874-500c3cd570d2
2017-09-22 17:59:49,727 [INFO] Refreshing listener credentials
2017-09-22 17:59:49,728 [DEBUG] Get listener credentials for listener i-05fcfa78c9270316d in stack arn:aws:cloudformation:eu-west-1:470576480462:stack/awseb-e-yxqk2dspb5-stack/350dd830-330d-11e6-9874-500c3cd570d2
2017-09-22 17:59:49,900 [INFO] Scheduling next credential refresh in 7200 seconds
2017-09-22 17:59:49,905 [DEBUG] Receiving messages for queue https://eu-west-1.queue.amazonaws.com/216463081828/c7f13e21c1f18a5510373cebeae9590e3bf58b653b0608c32488e10bd8649f85
2017-09-22 18:00:09,970 [DEBUG] Receiving messages for queue https://eu-west-1.queue.amazonaws.com/216463081828/c7f13e21c1f18a5510373cebeae9590e3bf58b653b0608c32488e10bd8649f85
2017-09-22 18:00:30,142 [DEBUG] Receiving messages for queue https://eu-west-1.queue.amazonaws.com/216463081828/c7f13e21c1f18a5510373cebeae9590e3bf58b653b0608c32488e10bd8649f85
2017-09-22 18:00:50,217 [DEBUG] Receiving messages for queue https://eu-west-1.queue.amazonaws.com/216463081828/c7f13e21c1f18a5510373cebeae9590e3bf58b653b0608c32488e10bd8649f85
2017-09-22 18:01:10,296 [DEBUG] Receiving messages for queue https://eu-west-1.queue.amazonaws.com/216463081828/c7f13e21c1f18a5510373cebeae9590e3bf58b653b0608c32488e10bd8649f85
2017-09-22 18:01:30,367 [DEBUG] Receiving messages for queue https://eu-west-1.queue.amazonaws.com/216463081828/c7f13e21c1f18a5510373cebeae9590e3bf58b653b0608c32488e10bd8649f85
2017-09-22 18:01:50,440 [DEBUG] Receiving messages for queue https://eu-west-1.queue.amazonaws.com/216463081828/c7f13e21c1f18a5510373cebeae9590e3bf58b653b0608c32488e10bd8649f85
2017-09-22 18:02:10,515 [DEBUG] Receiving messages for queue https://eu-west-1.queue.amazonaws.com/216463081828/c7f13e21c1f18a5510373cebeae9590e3bf58b653b0608c32488e10bd8649f85
2017-09-22 18:02:30,594 [DEBUG] Receiving messages for queue https://eu-west-1.queue.amazonaws.com/216463081828/c7f13e21c1f18a5510373cebeae9590e3bf58b653b0608c32488e10bd8649f85
2017-09-22 18:02:50,669 [DEBUG] Receiving messages for queue https://eu-west-1.queue.amazonaws.com/216463081828/c7f13e21c1f18a5510373cebeae9590e3bf58b653b0608c32488e10bd8649f85
2017-09-22 18:03:10,744 [DEBUG] Receiving messages for queue https://eu-west-1.queue.amazonaws.com/216463081828/c7f13e21c1f18a5510373cebeae9590e3bf58b653b0608c32488e10bd8649f85
2017-09-22 18:03:30,823 [DEBUG] Receiving messages for queue https://eu-west-1.queue.amazonaws.com/216463081828/c7f13e21c1f18a5510373cebeae9590e3bf58b653b0608c32488e10bd8649f85
2017-09-22 18:03:50,895 [DEBUG] Receiving messages for queue https://eu-west-1.queue.amazonaws.com/216463081828/c7f13e21c1f18a5510373cebeae9590e3bf58b653b0608c32488e10bd8649f85
2017-09-22 18:04:10,971 [DEBUG] Receiving messages for queue https://eu-west-1.queue.amazonaws.com/216463081828/c7f13e21c1f18a5510373cebeae9590e3bf58b653b0608c32488e10bd8649f85
2017-09-22 18:04:31,048 [DEBUG] Receiving messages for queue https://eu-west-1.queue.amazonaws.com/216463081828/c7f13e21c1f18a5510373cebeae9590e3bf58b653b0608c32488e10bd8649f85
2017-09-22 18:04:51,128 [INFO] command processing is alive.
2017-09-22 18:04:51,128 [DEBUG] Receiving messages for queue https://eu-west-1.queue.amazonaws.com/216463081828/c7f13e21c1f18a5510373cebeae9590e3bf58b653b0608c32488e10bd8649f85
2017-09-22 18:05:12,159 [DEBUG] Receiving messages for queue https://eu-west-1.queue.amazonaws.com/216463081828/c7f13e21c1f18a5510373cebeae9590e3bf58b653b0608c32488e10bd8649f85
2017-09-22 18:05:32,239 [DEBUG] Receiving messages for queue https://eu-west-1.queue.amazonaws.com/216463081828/c7f13e21c1f18a5510373cebeae9590e3bf58b653b0608c32488e10bd8649f85
2017-09-22 18:05:52,317 [DEBUG] Receiving messages for queue https://eu-west-1.queue.amazonaws.com/216463081828/c7f13e21c1f18a5510373cebeae9590e3bf58b653b0608c32488e10bd8649f85
2017-09-22 18:06:12,741 [DEBUG] Receiving messages for queue https://eu-west-1.queue.amazonaws.com/216463081828/c7f13e21c1f18a5510373cebeae9590e3bf58b653b0608c32488e10bd8649f85
2017-09-22 18:06:32,815 [DEBUG] Receiving messages for queue https://eu-west-1.queue.amazonaws.com/216463081828/c7f13e21c1f18a5510373cebeae9590e3bf58b653b0608c32488e10bd8649f85
2017-09-22 18:06:52,890 [DEBUG] Receiving messages for queue https://eu-west-1.queue.amazonaws.com/216463081828/c7f13e21c1f18a5510373cebeae9590e3bf58b653b0608c32488e10bd8649f85
2017-09-22 18:07:12,967 [DEBUG] Receiving messages for queue https://eu-west-1.queue.amazonaws.com/216463081828/c7f13e21c1f18a5510373cebeae9590e3bf58b653b0608c32488e10bd8649f85
2017-09-22 18:07:33,041 [DEBUG] Receiving messages for queue https://eu-west-1.queue.amazonaws.com/216463081828/c7f13e21c1f18a5510373cebeae9590e3bf58b653b0608c32488e10bd8649f85
2017-09-22 18:07:53,116 [DEBUG] Receiving messages for queue https://eu-west-1.queue.amazonaws.com/216463081828/c7f13e21c1f18a5510373cebeae9590e3bf58b653b0608c32488e10bd8649f85
2017-09-22 18:08:13,193 [DEBUG] Receiving messages for queue https://eu-west-1.queue.amazonaws.com/216463081828/c7f13e21c1f18a5510373cebeae9590e3bf58b653b0608c32488e10bd8649f85
2017-09-22 18:08:33,264 [DEBUG] Receiving messages for queue https://eu-west-1.queue.amazonaws.com/216463081828/c7f13e21c1f18a5510373cebeae9590e3bf58b653b0608c32488e10bd8649f85
2017-09-22 18:08:53,336 [DEBUG] Receiving messages for queue https://eu-west-1.queue.amazonaws.com/216463081828/c7f13e21c1f18a5510373cebeae9590e3bf58b653b0608c32488e10bd8649f85
2017-09-22 18:09:13,411 [DEBUG] Receiving messages for queue https://eu-west-1.queue.amazonaws.com/216463081828/c7f13e21c1f18a5510373cebeae9590e3bf58b653b0608c32488e10bd8649f85
2017-09-22 18:09:33,487 [DEBUG] Receiving messages for queue https://eu-west-1.queue.amazonaws.com/216463081828/c7f13e21c1f18a5510373cebeae9590e3bf58b653b0608c32488e10bd8649f85
2017-09-22 18:09:53,562 [INFO] command processing is alive.
2017-09-22 18:09:53,563 [DEBUG] Receiving messages for queue https://eu-west-1.queue.amazonaws.com/216463081828/c7f13e21c1f18a5510373cebeae9590e3bf58b653b0608c32488e10bd8649f85
2017-09-22 18:10:13,639 [DEBUG] Receiving messages for queue https://eu-west-1.queue.amazonaws.com/216463081828/c7f13e21c1f18a5510373cebeae9590e3bf58b653b0608c32488e10bd8649f85
2017-09-22 18:10:33,714 [DEBUG] Receiving messages for queue https://eu-west-1.queue.amazonaws.com/216463081828/c7f13e21c1f18a5510373cebeae9590e3bf58b653b0608c32488e10bd8649f85
2017-09-22 18:10:53,790 [DEBUG] Receiving messages for queue https://eu-west-1.queue.amazonaws.com/216463081828/c7f13e21c1f18a5510373cebeae9590e3bf58b653b0608c32488e10bd8649f85
2017-09-22 18:11:13,862 [DEBUG] Receiving messages for queue https://eu-west-1.queue.amazonaws.com/216463081828/c7f13e21c1f18a5510373cebeae9590e3bf58b653b0608c32488e10bd8649f85
2017-09-22 18:11:33,987 [DEBUG] Receiving messages for queue https://eu-west-1.queue.amazonaws.com/216463081828/c7f13e21c1f18a5510373cebeae9590e3bf58b653b0608c32488e10bd8649f85
2017-09-22 18:11:54,064 [DEBUG] Receiving messages for queue https://eu-west-1.queue.amazonaws.com/216463081828/c7f13e21c1f18a5510373cebeae9590e3bf58b653b0608c32488e10bd8649f85
2017-09-22 18:12:14,141 [DEBUG] Receiving messages for queue https://eu-west-1.queue.amazonaws.com/216463081828/c7f13e21c1f18a5510373cebeae9590e3bf58b653b0608c32488e10bd8649f85
2017-09-22 18:12:34,213 [DEBUG] Receiving messages for queue https://eu-west-1.queue.amazonaws.com/216463081828/c7f13e21c1f18a5510373cebeae9590e3bf58b653b0608c32488e10bd8649f85
2017-09-22 18:12:54,288 [DEBUG] Receiving messages for queue https://eu-west-1.queue.amazonaws.com/216463081828/c7f13e21c1f18a5510373cebeae9590e3bf58b653b0608c32488e10bd8649f85
2017-09-22 18:13:14,365 [DEBUG] Receiving messages for queue https://eu-west-1.queue.amazonaws.com/216463081828/c7f13e21c1f18a5510373cebeae9590e3bf58b653b0608c32488e10bd8649f85
2017-09-22 18:13:34,441 [DEBUG] Receiving messages for queue https://eu-west-1.queue.amazonaws.com/216463081828/c7f13e21c1f18a5510373cebeae9590e3bf58b653b0608c32488e10bd8649f85
2017-09-22 18:13:54,514 [DEBUG] Receiving messages for queue https://eu-west-1.queue.amazonaws.com/216463081828/c7f13e21c1f18a5510373cebeae9590e3bf58b653b0608c32488e10bd8649f85
2017-09-22 18:14:14,590 [DEBUG] Receiving messages for queue https://eu-west-1.queue.amazonaws.com/216463081828/c7f13e21c1f18a5510373cebeae9590e3bf58b653b0608c32488e10bd8649f85
2017-09-22 18:14:34,666 [DEBUG] Receiving messages for queue https://eu-west-1.queue.amazonaws.com/216463081828/c7f13e21c1f18a5510373cebeae9590e3bf58b653b0608c32488e10bd8649f85
2017-09-22 18:14:54,737 [INFO] command processing is alive.
2017-09-22 18:14:54,737 [DEBUG] Receiving messages for queue https://eu-west-1.queue.amazonaws.com/216463081828/c7f13e21c1f18a5510373cebeae9590e3bf58b653b0608c32488e10bd8649f85
2017-09-22 18:15:14,811 [DEBUG] Receiving messages for queue https://eu-west-1.queue.amazonaws.com/216463081828/c7f13e21c1f18a5510373cebeae9590e3bf58b653b0608c32488e10bd8649f85
2017-09-22 18:15:34,887 [DEBUG] Receiving messages for queue https://eu-west-1.queue.amazonaws.com/216463081828/c7f13e21c1f18a5510373cebeae9590e3bf58b653b0608c32488e10bd8649f85
2017-09-22 18:15:54,918 [DEBUG] Receiving messages for queue https://eu-west-1.queue.amazonaws.com/216463081828/c7f13e21c1f18a5510373cebeae9590e3bf58b653b0608c32488e10bd8649f85
2017-09-22 18:16:14,992 [DEBUG] Receiving messages for queue https://eu-west-1.queue.amazonaws.com/216463081828/c7f13e21c1f18a5510373cebeae9590e3bf58b653b0608c32488e10bd8649f85
2017-09-22 18:16:35,067 [DEBUG] Receiving messages for queue https://eu-west-1.queue.amazonaws.com/216463081828/c7f13e21c1f18a5510373cebeae9590e3bf58b653b0608c32488e10bd8649f85
2017-09-22 18:16:55,144 [DEBUG] Receiving messages for queue https://eu-west-1.queue.amazonaws.com/216463081828/c7f13e21c1f18a5510373cebeae9590e3bf58b653b0608c32488e10bd8649f85
2017-09-22 18:17:15,218 [DEBUG] Receiving messages for queue https://eu-west-1.queue.amazonaws.com/216463081828/c7f13e21c1f18a5510373cebeae9590e3bf58b653b0608c32488e10bd8649f85
2017-09-22 18:17:35,290 [DEBUG] Receiving messages for queue https://eu-west-1.queue.amazonaws.com/216463081828/c7f13e21c1f18a5510373cebeae9590e3bf58b653b0608c32488e10bd8649f85
2017-09-22 18:17:55,368 [DEBUG] Receiving messages for queue https://eu-west-1.queue.amazonaws.com/216463081828/c7f13e21c1f18a5510373cebeae9590e3bf58b653b0608c32488e10bd8649f85
2017-09-22 18:18:15,443 [DEBUG] Receiving messages for queue https://eu-west-1.queue.amazonaws.com/216463081828/c7f13e21c1f18a5510373cebeae9590e3bf58b653b0608c32488e10bd8649f85
2017-09-22 18:18:35,515 [DEBUG] Receiving messages for queue https://eu-west-1.queue.amazonaws.com/216463081828/c7f13e21c1f18a5510373cebeae9590e3bf58b653b0608c32488e10bd8649f85
2017-09-22 18:18:55,592 [DEBUG] Receiving messages for queue https://eu-west-1.queue.amazonaws.com/216463081828/c7f13e21c1f18a5510373cebeae9590e3bf58b653b0608c32488e10bd8649f85
2017-09-22 18:19:15,770 [DEBUG] Receiving messages for queue https://eu-west-1.queue.amazonaws.com/216463081828/c7f13e21c1f18a5510373cebeae9590e3bf58b653b0608c32488e10bd8649f85
2017-09-22 18:19:35,850 [DEBUG] Receiving messages for queue https://eu-west-1.queue.amazonaws.com/216463081828/c7f13e21c1f18a5510373cebeae9590e3bf58b653b0608c32488e10bd8649f85
2017-09-22 18:19:55,923 [INFO] command processing is alive.
2017-09-22 18:19:55,923 [DEBUG] Receiving messages for queue https://eu-west-1.queue.amazonaws.com/216463081828/c7f13e21c1f18a5510373cebeae9590e3bf58b653b0608c32488e10bd8649f85
2017-09-22 18:20:16,001 [DEBUG] Receiving messages for queue https://eu-west-1.queue.amazonaws.com/216463081828/c7f13e21c1f18a5510373cebeae9590e3bf58b653b0608c32488e10bd8649f85
2017-09-22 18:20:36,079 [DEBUG] Receiving messages for queue https://eu-west-1.queue.amazonaws.com/216463081828/c7f13e21c1f18a5510373cebeae9590e3bf58b653b0608c32488e10bd8649f85
2017-09-22 18:20:56,150 [DEBUG] Receiving messages for queue https://eu-west-1.queue.amazonaws.com/216463081828/c7f13e21c1f18a5510373cebeae9590e3bf58b653b0608c32488e10bd8649f85
2017-09-22 18:21:16,225 [DEBUG] Receiving messages for queue https://eu-west-1.queue.amazonaws.com/216463081828/c7f13e21c1f18a5510373cebeae9590e3bf58b653b0608c32488e10bd8649f85
2017-09-22 18:21:36,300 [DEBUG] Receiving messages for queue https://eu-west-1.queue.amazonaws.com/216463081828/c7f13e21c1f18a5510373cebeae9590e3bf58b653b0608c32488e10bd8649f85
2017-09-22 18:21:56,480 [DEBUG] Receiving messages for queue https://eu-west-1.queue.amazonaws.com/216463081828/c7f13e21c1f18a5510373cebeae9590e3bf58b653b0608c32488e10bd8649f85
2017-09-22 18:22:16,551 [DEBUG] Receiving messages for queue https://eu-west-1.queue.amazonaws.com/216463081828/c7f13e21c1f18a5510373cebeae9590e3bf58b653b0608c32488e10bd8649f85
2017-09-22 18:22:36,624 [DEBUG] Receiving messages for queue https://eu-west-1.queue.amazonaws.com/216463081828/c7f13e21c1f18a5510373cebeae9590e3bf58b653b0608c32488e10bd8649f85
2017-09-22 18:22:56,704 [DEBUG] Receiving messages for queue https://eu-west-1.queue.amazonaws.com/216463081828/c7f13e21c1f18a5510373cebeae9590e3bf58b653b0608c32488e10bd8649f85
2017-09-22 18:23:16,784 [DEBUG] Receiving messages for queue https://eu-west-1.queue.amazonaws.com/216463081828/c7f13e21c1f18a5510373cebeae9590e3bf58b653b0608c32488e10bd8649f85
2017-09-22 18:23:36,857 [DEBUG] Receiving messages for queue https://eu-west-1.queue.amazonaws.com/216463081828/c7f13e21c1f18a5510373cebeae9590e3bf58b653b0608c32488e10bd8649f85
2017-09-22 18:23:57,183 [DEBUG] Receiving messages for queue https://eu-west-1.queue.amazonaws.com/216463081828/c7f13e21c1f18a5510373cebeae9590e3bf58b653b0608c32488e10bd8649f85
2017-09-22 18:24:17,213 [DEBUG] Receiving messages for queue https://eu-west-1.queue.amazonaws.com/216463081828/c7f13e21c1f18a5510373cebeae9590e3bf58b653b0608c32488e10bd8649f85
2017-09-22 18:24:37,284 [DEBUG] Receiving messages for queue https://eu-west-1.queue.amazonaws.com/216463081828/c7f13e21c1f18a5510373cebeae9590e3bf58b653b0608c32488e10bd8649f85
2017-09-22 18:24:57,357 [INFO] command processing is alive.
2017-09-22 18:24:57,357 [DEBUG] Receiving messages for queue https://eu-west-1.queue.amazonaws.com/216463081828/c7f13e21c1f18a5510373cebeae9590e3bf58b653b0608c32488e10bd8649f85
2017-09-22 18:25:17,433 [DEBUG] Receiving messages for queue https://eu-west-1.queue.amazonaws.com/216463081828/c7f13e21c1f18a5510373cebeae9590e3bf58b653b0608c32488e10bd8649f85
2017-09-22 18:25:37,508 [DEBUG] Receiving messages for queue https://eu-west-1.queue.amazonaws.com/216463081828/c7f13e21c1f18a5510373cebeae9590e3bf58b653b0608c32488e10bd8649f85
2017-09-22 18:25:57,580 [DEBUG] Receiving messages for queue https://eu-west-1.queue.amazonaws.com/216463081828/c7f13e21c1f18a5510373cebeae9590e3bf58b653b0608c32488e10bd8649f85
2017-09-22 18:26:17,655 [DEBUG] Receiving messages for queue https://eu-west-1.queue.amazonaws.com/216463081828/c7f13e21c1f18a5510373cebeae9590e3bf58b653b0608c32488e10bd8649f85
2017-09-22 18:26:37,730 [DEBUG] Receiving messages for queue https://eu-west-1.queue.amazonaws.com/216463081828/c7f13e21c1f18a5510373cebeae9590e3bf58b653b0608c32488e10bd8649f85
2017-09-22 18:26:57,805 [DEBUG] Receiving messages for queue https://eu-west-1.queue.amazonaws.com/216463081828/c7f13e21c1f18a5510373cebeae9590e3bf58b653b0608c32488e10bd8649f85
2017-09-22 18:27:17,878 [DEBUG] Receiving messages for queue https://eu-west-1.queue.amazonaws.com/216463081828/c7f13e21c1f18a5510373cebeae9590e3bf58b653b0608c32488e10bd8649f85
2017-09-22 18:27:37,953 [DEBUG] Receiving messages for queue https://eu-west-1.queue.amazonaws.com/216463081828/c7f13e21c1f18a5510373cebeae9590e3bf58b653b0608c32488e10bd8649f85
2017-09-22 18:27:58,028 [DEBUG] Receiving messages for queue https://eu-west-1.queue.amazonaws.com/216463081828/c7f13e21c1f18a5510373cebeae9590e3bf58b653b0608c32488e10bd8649f85
2017-09-22 18:28:18,106 [DEBUG] Receiving messages for queue https://eu-west-1.queue.amazonaws.com/216463081828/c7f13e21c1f18a5510373cebeae9590e3bf58b653b0608c32488e10bd8649f85
2017-09-22 18:28:38,179 [DEBUG] Receiving messages for queue https://eu-west-1.queue.amazonaws.com/216463081828/c7f13e21c1f18a5510373cebeae9590e3bf58b653b0608c32488e10bd8649f85
2017-09-22 18:28:58,256 [DEBUG] Receiving messages for queue https://eu-west-1.queue.amazonaws.com/216463081828/c7f13e21c1f18a5510373cebeae9590e3bf58b653b0608c32488e10bd8649f85
2017-09-22 18:29:18,336 [DEBUG] Receiving messages for queue https://eu-west-1.queue.amazonaws.com/216463081828/c7f13e21c1f18a5510373cebeae9590e3bf58b653b0608c32488e10bd8649f85
2017-09-22 18:29:38,413 [DEBUG] Receiving messages for queue https://eu-west-1.queue.amazonaws.com/216463081828/c7f13e21c1f18a5510373cebeae9590e3bf58b653b0608c32488e10bd8649f85
2017-09-22 18:29:50,161 [DEBUG] Processing message: {'EventHandle': 'https://cfn-command-events-euwest1.s3-eu-west-1.amazonaws.com/75e400a3021c4e47dac54416d622bcd9ed0c18806d5c5a486cf6ae5a754fbeb6?X-Amz-Algorithm=AWS4-HMAC-SHA256&X-Amz-Date=20170922T182950Z&X-Amz-SignedHeaders=host&X-Amz-Expires=3719&X-Amz-Credential=AKIAICW76IH6OH7O6VVA%2F20170922%2Feu-west-1%2Fs3%2Faws4_request&X-Amz-Signature=e0445e945b8132f97d95a962304fc1a5ced1210adf8dca9555995c6984cc7656', 'DispatcherId': 'arn:aws:cloudformation:eu-west-1:470576480462:dispatcher/awseb-e-yxqk2dspb5-stack/fea20538-450e-4647-ba14-6e6d82d93801', 'CommandName': 'ElasticBeanstalkCommand-AWSEBAutoScalingGroup', 'Expiration': 1506105109942, 'ResultQueue': 'https://sqs.eu-west-1.amazonaws.com/216463081828/results', 'Data': 'https://elasticbeanstalk-eu-west-1.s3-eu-west-1.amazonaws.com/data/environments/df83ac29-ba2d-4428-b458-ab8b1c20d87e/3febb5af-19c3-49ac-ba5f-cc1e7d621011?AWSAccessKeyId=AKIAIZY7EH7EJXCHSE2A&Expires=1506105289&Signature=bbbApme01cbb%2FrdYRqWRSvlopos%3D', 'InvocationId': '87aa30ee-8919-4f3e-b38a-0c872957215b'}
2017-09-22 18:29:50,161 [DEBUG] Command message: {'EventHandle': 'https://cfn-command-events-euwest1.s3-eu-west-1.amazonaws.com/75e400a3021c4e47dac54416d622bcd9ed0c18806d5c5a486cf6ae5a754fbeb6?X-Amz-Algorithm=AWS4-HMAC-SHA256&X-Amz-Date=20170922T182950Z&X-Amz-SignedHeaders=host&X-Amz-Expires=3719&X-Amz-Credential=AKIAICW76IH6OH7O6VVA%2F20170922%2Feu-west-1%2Fs3%2Faws4_request&X-Amz-Signature=e0445e945b8132f97d95a962304fc1a5ced1210adf8dca9555995c6984cc7656', 'DispatcherId': 'arn:aws:cloudformation:eu-west-1:470576480462:dispatcher/awseb-e-yxqk2dspb5-stack/fea20538-450e-4647-ba14-6e6d82d93801', 'CommandName': 'ElasticBeanstalkCommand-AWSEBAutoScalingGroup', 'Expiration': 1506105109942, 'ResultQueue': 'https://sqs.eu-west-1.amazonaws.com/216463081828/results', 'Data': 'https://elasticbeanstalk-eu-west-1.s3-eu-west-1.amazonaws.com/data/environments/df83ac29-ba2d-4428-b458-ab8b1c20d87e/3febb5af-19c3-49ac-ba5f-cc1e7d621011?AWSAccessKeyId=AKIAIZY7EH7EJXCHSE2A&Expires=1506105289&Signature=bbbApme01cbb%2FrdYRqWRSvlopos%3D', 'InvocationId': '87aa30ee-8919-4f3e-b38a-0c872957215b'}
2017-09-22 18:29:50,161 [INFO] Received command ElasticBeanstalkCommand-AWSEBAutoScalingGroup (invocation id: 87aa30ee-8919-4f3e-b38a-0c872957215b)
2017-09-22 18:29:50,161 [INFO] Running action for aws-eb-command-handler
2017-09-22 18:29:50,161 [DEBUG] Action environment: {'LANG': 'en_US.UTF-8', 'TERM': 'linux', 'LISTENER_ID': u'i-05fcfa78c9270316d', 'RESULT_SECRET_KEY': u'uaRGMT4Mmg9kAOgCixeUR4vHDuGCDmsDiy9xVb2R', 'SHLVL': '1', 'RESULT_ACCESS_KEY': u'ASIAJXP6I2Q6TBG6EDDA', 'STACK_NAME': 'arn:aws:cloudformation:eu-west-1:470576480462:stack/awseb-e-yxqk2dspb5-stack/350dd830-330d-11e6-9874-500c3cd570d2', 'RESULT_SESSION_TOKEN': u'AgoGb3JpZ2luEA4aCWV1LXdlc3QtMSKAAkxcx4XHAznihy3xcCsuc15AkLBWrJlfL2Rb3BLJnO6c3DDvXFkIO06JHz3BMpV8zTSoHW9XzDc4XPBvAwyNStWWTeoLiuBOdpWksqNjprYP0tQNoISC3gwKwVx8EcZhew/oewOCznnHFpeQxUycZ5QWZDlZ7x38lzCFiVivMQICxikBmUK6qp0U9AvPNJeTL8IqdV9UAF8i49VCkHUxfZFjS8mnMBM8SxyR5g9othznRK1F47Nzablw2FYLFtgfxF8kzsQSM2SZWL7x4GYFLgf/nhdczPsT9uchU7woLIMb2A2RVCFu5Nv+8Z+wjw7dAGRmhwxvTv3RO3yMTLB/MdUqxgMI8///////////ARAAGgwyMTY0NjMwODE4MjgiDHkzt7SNmdSeTIb53iqaAwPTCp6KE2GgNTVla/hiLNYzOIMx3TQY6cWkUlY0s20L/hcv68IP1h/eINror1+FaTgjCATMwqJ7YdYv8/8gE32Zb/vVQHjkpctDO3dehFVOWlh0NLNsTNmYVfU1zhoSF6gnzcDaPSZ7g2N+U2n9ekJVsIrS9CXJTim35+TnmiK3F8nUUOhXmrQo1ePhZOVpOlWSkXFa+VfypVHYwR3SKysqhu4ir44XyCsMsEFUkOvMFYZlPlkFUkMNKVzfp7KQPkFnlakLS/0Q7rT9RjtRHUnoNSee50G41EPFhqB4QLJPZwOqDBwWVOi0mtsXoc2ho+8HOJpQ68eQJYH1wm6FGy/xpvThJn8oWkSFjR+fnBr4/ChPdz8VHeq7eCVBNomYkk21Xqu1L02kYT3Eih9cTzCm1Gru9IBbcdg7S4Uv7p+WBZFipBsbW6UVzwtNYTvZOx/pJG/nj462ldGJmycnbnYC679uVET4bF11iqCfOrI9o+sQ5IiDKSeQPQ8tMC9jSqTgP8UyIiew/nze9tbEu4qvs9fed0V/NQDqMJWflc4F', 'UPSTART_JOB': 'cfn-hup', 'CMD_DATA': 'https://elasticbeanstalk-eu-west-1.s3-eu-west-1.amazonaws.com/data/environments/df83ac29-ba2d-4428-b458-ab8b1c20d87e/3febb5af-19c3-49ac-ba5f-cc1e7d621011?AWSAccessKeyId=AKIAIZY7EH7EJXCHSE2A&Expires=1506105289&Signature=bbbApme01cbb%2FrdYRqWRSvlopos%3D', 'UPSTART_INSTANCE': '', 'PWD': '/', 'PATH': '/usr/local/sbin:/usr/local/bin:/usr/bin:/usr/sbin:/sbin:/bin', 'CMD_NAME': 'ElasticBeanstalkCommand-AWSEBAutoScalingGroup', 'RESULT_QUEUE': 'https://sqs.eu-west-1.amazonaws.com/216463081828/results', 'DISPATCHER_ID': 'arn:aws:cloudformation:eu-west-1:470576480462:dispatcher/awseb-e-yxqk2dspb5-stack/fea20538-450e-4647-ba14-6e6d82d93801', 'EVENT_HANDLE': 'https://cfn-command-events-euwest1.s3-eu-west-1.amazonaws.com/75e400a3021c4e47dac54416d622bcd9ed0c18806d5c5a486cf6ae5a754fbeb6?X-Amz-Algorithm=AWS4-HMAC-SHA256&X-Amz-Date=20170922T182950Z&X-Amz-SignedHeaders=host&X-Amz-Expires=3719&X-Amz-Credential=AKIAICW76IH6OH7O6VVA%2F20170922%2Feu-west-1%2Fs3%2Faws4_request&X-Amz-Signature=e0445e945b8132f97d95a962304fc1a5ced1210adf8dca9555995c6984cc7656', '_': '/opt/aws/bin/cfn-hup', 'INVOCATION_ID': '87aa30ee-8919-4f3e-b38a-0c872957215b'}
2017-09-22 18:30:20,898 [DEBUG] Action for aws-eb-command-handler output: {"status":"SUCCESS","api_version":"1.0","results":[{"status":"SUCCESS","msg":"","returncode":0,"events":[]}]}
2017-09-22 18:30:20,898 [INFO] Action for aws-eb-command-handler succeeded, returning SUCCESS
2017-09-22 18:30:20,900 [DEBUG] Sending {"Status": "SUCCESS", "DispatcherId": "arn:aws:cloudformation:eu-west-1:470576480462:dispatcher/awseb-e-yxqk2dspb5-stack/fea20538-450e-4647-ba14-6e6d82d93801", "ListenerId": "i-05fcfa78c9270316d", "CommandName": "ElasticBeanstalkCommand-AWSEBAutoScalingGroup", "InvocationId": "87aa30ee-8919-4f3e-b38a-0c872957215b", "Data": "{\"status\":\"SUCCESS\",\"api_version\":\"1.0\",\"results\":[{\"status\":\"SUCCESS\",\"msg\":\"\",\"returncode\":0,\"events\":[]}]}"} to queue https://eu-west-1.queue.amazonaws.com/216463081828/results
2017-09-22 18:30:20,972 [DEBUG] Deleting AQEBZJfVObnFFqGOl//YpK23ZjxUulQIiiZdSQPqrdfgGoJQVRNQPbyyIfZjZvzWKZ13Ruerf/TJAyJhNEVj2dxPfMDgdLN9fxlf1Y7Bom1sxOlaWpZwPYX3cvQJ0s1i8tI578KqqDl3+v8fA0Rk0bTXN6LVIF2lgi7GU7AtCeRWcvXrDLaX4DgTtleAFzt7q0IXXo9cwCvLm9SSj5aIW8FCjnzn6H3twgTYku6LB1OGFVuPxTTdnZZ627UoXLdoDOEjcMR+MtGWnM3B2/W2qO0wrN5JSoq3ZKwIKXraSnQv5jGP1Tq4qSAimoCE+DdQhiiOa2hu43uJjLpsM1Oi85c/JcMXgK2dJ52vRajX3DZAueanY0JcXjasjI2ttrURxrjNHGY6WzjDpiVmlwAGn/9XJ3TN3fEckUoISOCiGtwhMdMsXxSclaUoZEsDE3G0vwl8x/pjeoUCxJGbVVeWUd63hQ== from queue https://eu-west-1.queue.amazonaws.com/216463081828/c7f13e21c1f18a5510373cebeae9590e3bf58b653b0608c32488e10bd8649f85
2017-09-22 18:30:21,043 [INFO] command processing is alive.
2017-09-22 18:30:21,043 [DEBUG] Receiving messages for queue https://eu-west-1.queue.amazonaws.com/216463081828/c7f13e21c1f18a5510373cebeae9590e3bf58b653b0608c32488e10bd8649f85
2017-09-22 18:30:41,119 [DEBUG] Receiving messages for queue https://eu-west-1.queue.amazonaws.com/216463081828/c7f13e21c1f18a5510373cebeae9590e3bf58b653b0608c32488e10bd8649f85
2017-09-22 18:31:01,196 [DEBUG] Receiving messages for queue https://eu-west-1.queue.amazonaws.com/216463081828/c7f13e21c1f18a5510373cebeae9590e3bf58b653b0608c32488e10bd8649f85
2017-09-22 18:31:21,275 [DEBUG] Receiving messages for queue https://eu-west-1.queue.amazonaws.com/216463081828/c7f13e21c1f18a5510373cebeae9590e3bf58b653b0608c32488e10bd8649f85
2017-09-22 18:31:41,348 [DEBUG] Receiving messages for queue https://eu-west-1.queue.amazonaws.com/216463081828/c7f13e21c1f18a5510373cebeae9590e3bf58b653b0608c32488e10bd8649f85
2017-09-22 18:32:01,425 [DEBUG] Receiving messages for queue https://eu-west-1.queue.amazonaws.com/216463081828/c7f13e21c1f18a5510373cebeae9590e3bf58b653b0608c32488e10bd8649f85
2017-09-22 18:32:21,506 [DEBUG] Receiving messages for queue https://eu-west-1.queue.amazonaws.com/216463081828/c7f13e21c1f18a5510373cebeae9590e3bf58b653b0608c32488e10bd8649f85
2017-09-22 18:32:41,588 [DEBUG] Receiving messages for queue https://eu-west-1.queue.amazonaws.com/216463081828/c7f13e21c1f18a5510373cebeae9590e3bf58b653b0608c32488e10bd8649f85
2017-09-22 18:33:01,663 [DEBUG] Receiving messages for queue https://eu-west-1.queue.amazonaws.com/216463081828/c7f13e21c1f18a5510373cebeae9590e3bf58b653b0608c32488e10bd8649f85
2017-09-22 18:33:21,739 [DEBUG] Receiving messages for queue https://eu-west-1.queue.amazonaws.com/216463081828/c7f13e21c1f18a5510373cebeae9590e3bf58b653b0608c32488e10bd8649f85
2017-09-22 18:33:41,815 [DEBUG] Receiving messages for queue https://eu-west-1.queue.amazonaws.com/216463081828/c7f13e21c1f18a5510373cebeae9590e3bf58b653b0608c32488e10bd8649f85
2017-09-22 18:34:01,887 [DEBUG] Receiving messages for queue https://eu-west-1.queue.amazonaws.com/216463081828/c7f13e21c1f18a5510373cebeae9590e3bf58b653b0608c32488e10bd8649f85
2017-09-22 18:34:21,962 [DEBUG] Receiving messages for queue https://eu-west-1.queue.amazonaws.com/216463081828/c7f13e21c1f18a5510373cebeae9590e3bf58b653b0608c32488e10bd8649f85
2017-09-22 18:34:42,036 [DEBUG] Receiving messages for queue https://eu-west-1.queue.amazonaws.com/216463081828/c7f13e21c1f18a5510373cebeae9590e3bf58b653b0608c32488e10bd8649f85
2017-09-22 18:35:02,110 [DEBUG] Receiving messages for queue https://eu-west-1.queue.amazonaws.com/216463081828/c7f13e21c1f18a5510373cebeae9590e3bf58b653b0608c32488e10bd8649f85
2017-09-22 18:35:22,182 [INFO] command processing is alive.
2017-09-22 18:35:22,183 [DEBUG] Receiving messages for queue https://eu-west-1.queue.amazonaws.com/216463081828/c7f13e21c1f18a5510373cebeae9590e3bf58b653b0608c32488e10bd8649f85
2017-09-22 18:35:42,256 [DEBUG] Receiving messages for queue https://eu-west-1.queue.amazonaws.com/216463081828/c7f13e21c1f18a5510373cebeae9590e3bf58b653b0608c32488e10bd8649f85
2017-09-22 18:36:02,333 [DEBUG] Receiving messages for queue https://eu-west-1.queue.amazonaws.com/216463081828/c7f13e21c1f18a5510373cebeae9590e3bf58b653b0608c32488e10bd8649f85
2017-09-22 18:36:22,410 [DEBUG] Receiving messages for queue https://eu-west-1.queue.amazonaws.com/216463081828/c7f13e21c1f18a5510373cebeae9590e3bf58b653b0608c32488e10bd8649f85
2017-09-22 18:36:42,483 [DEBUG] Receiving messages for queue https://eu-west-1.queue.amazonaws.com/216463081828/c7f13e21c1f18a5510373cebeae9590e3bf58b653b0608c32488e10bd8649f85
2017-09-22 18:37:02,559 [DEBUG] Receiving messages for queue https://eu-west-1.queue.amazonaws.com/216463081828/c7f13e21c1f18a5510373cebeae9590e3bf58b653b0608c32488e10bd8649f85
2017-09-22 18:37:22,640 [DEBUG] Receiving messages for queue https://eu-west-1.queue.amazonaws.com/216463081828/c7f13e21c1f18a5510373cebeae9590e3bf58b653b0608c32488e10bd8649f85
2017-09-22 18:37:42,717 [DEBUG] Receiving messages for queue https://eu-west-1.queue.amazonaws.com/216463081828/c7f13e21c1f18a5510373cebeae9590e3bf58b653b0608c32488e10bd8649f85
2017-09-22 18:38:02,789 [DEBUG] Receiving messages for queue https://eu-west-1.queue.amazonaws.com/216463081828/c7f13e21c1f18a5510373cebeae9590e3bf58b653b0608c32488e10bd8649f85
2017-09-22 18:38:22,866 [DEBUG] Receiving messages for queue https://eu-west-1.queue.amazonaws.com/216463081828/c7f13e21c1f18a5510373cebeae9590e3bf58b653b0608c32488e10bd8649f85
2017-09-22 18:38:42,943 [DEBUG] Receiving messages for queue https://eu-west-1.queue.amazonaws.com/216463081828/c7f13e21c1f18a5510373cebeae9590e3bf58b653b0608c32488e10bd8649f85
2017-09-22 18:39:03,019 [DEBUG] Receiving messages for queue https://eu-west-1.queue.amazonaws.com/216463081828/c7f13e21c1f18a5510373cebeae9590e3bf58b653b0608c32488e10bd8649f85
2017-09-22 18:39:23,092 [DEBUG] Receiving messages for queue https://eu-west-1.queue.amazonaws.com/216463081828/c7f13e21c1f18a5510373cebeae9590e3bf58b653b0608c32488e10bd8649f85
2017-09-22 18:39:43,168 [DEBUG] Receiving messages for queue https://eu-west-1.queue.amazonaws.com/216463081828/c7f13e21c1f18a5510373cebeae9590e3bf58b653b0608c32488e10bd8649f85
2017-09-22 18:40:03,244 [DEBUG] Receiving messages for queue https://eu-west-1.queue.amazonaws.com/216463081828/c7f13e21c1f18a5510373cebeae9590e3bf58b653b0608c32488e10bd8649f85
2017-09-22 18:40:23,317 [INFO] command processing is alive.
2017-09-22 18:40:23,317 [DEBUG] Receiving messages for queue https://eu-west-1.queue.amazonaws.com/216463081828/c7f13e21c1f18a5510373cebeae9590e3bf58b653b0608c32488e10bd8649f85
2017-09-22 18:40:43,391 [DEBUG] Receiving messages for queue https://eu-west-1.queue.amazonaws.com/216463081828/c7f13e21c1f18a5510373cebeae9590e3bf58b653b0608c32488e10bd8649f85
2017-09-22 18:41:03,466 [DEBUG] Receiving messages for queue https://eu-west-1.queue.amazonaws.com/216463081828/c7f13e21c1f18a5510373cebeae9590e3bf58b653b0608c32488e10bd8649f85
2017-09-22 18:41:23,538 [DEBUG] Receiving messages for queue https://eu-west-1.queue.amazonaws.com/216463081828/c7f13e21c1f18a5510373cebeae9590e3bf58b653b0608c32488e10bd8649f85
2017-09-22 18:41:43,612 [DEBUG] Receiving messages for queue https://eu-west-1.queue.amazonaws.com/216463081828/c7f13e21c1f18a5510373cebeae9590e3bf58b653b0608c32488e10bd8649f85
2017-09-22 18:42:03,689 [DEBUG] Receiving messages for queue https://eu-west-1.queue.amazonaws.com/216463081828/c7f13e21c1f18a5510373cebeae9590e3bf58b653b0608c32488e10bd8649f85
2017-09-22 18:42:23,766 [DEBUG] Receiving messages for queue https://eu-west-1.queue.amazonaws.com/216463081828/c7f13e21c1f18a5510373cebeae9590e3bf58b653b0608c32488e10bd8649f85
2017-09-22 18:42:43,840 [DEBUG] Receiving messages for queue https://eu-west-1.queue.amazonaws.com/216463081828/c7f13e21c1f18a5510373cebeae9590e3bf58b653b0608c32488e10bd8649f85
2017-09-22 18:43:03,915 [DEBUG] Receiving messages for queue https://eu-west-1.queue.amazonaws.com/216463081828/c7f13e21c1f18a5510373cebeae9590e3bf58b653b0608c32488e10bd8649f85
2017-09-22 18:43:23,990 [DEBUG] Receiving messages for queue https://eu-west-1.queue.amazonaws.com/216463081828/c7f13e21c1f18a5510373cebeae9590e3bf58b653b0608c32488e10bd8649f85
2017-09-22 18:43:44,065 [DEBUG] Receiving messages for queue https://eu-west-1.queue.amazonaws.com/216463081828/c7f13e21c1f18a5510373cebeae9590e3bf58b653b0608c32488e10bd8649f85
2017-09-22 18:44:04,140 [DEBUG] Receiving messages for queue https://eu-west-1.queue.amazonaws.com/216463081828/c7f13e21c1f18a5510373cebeae9590e3bf58b653b0608c32488e10bd8649f85
2017-09-22 18:44:24,218 [DEBUG] Receiving messages for queue https://eu-west-1.queue.amazonaws.com/216463081828/c7f13e21c1f18a5510373cebeae9590e3bf58b653b0608c32488e10bd8649f85
2017-09-22 18:44:44,293 [DEBUG] Receiving messages for queue https://eu-west-1.queue.amazonaws.com/216463081828/c7f13e21c1f18a5510373cebeae9590e3bf58b653b0608c32488e10bd8649f85
2017-09-22 18:45:04,368 [DEBUG] Receiving messages for queue https://eu-west-1.queue.amazonaws.com/216463081828/c7f13e21c1f18a5510373cebeae9590e3bf58b653b0608c32488e10bd8649f85
2017-09-22 18:45:24,443 [INFO] command processing is alive.
2017-09-22 18:45:24,443 [DEBUG] Receiving messages for queue https://eu-west-1.queue.amazonaws.com/216463081828/c7f13e21c1f18a5510373cebeae9590e3bf58b653b0608c32488e10bd8649f85
2017-09-22 18:45:44,519 [DEBUG] Receiving messages for queue https://eu-west-1.queue.amazonaws.com/216463081828/c7f13e21c1f18a5510373cebeae9590e3bf58b653b0608c32488e10bd8649f85
2017-09-22 18:46:04,592 [DEBUG] Receiving messages for queue https://eu-west-1.queue.amazonaws.com/216463081828/c7f13e21c1f18a5510373cebeae9590e3bf58b653b0608c32488e10bd8649f85
2017-09-22 18:46:24,668 [DEBUG] Receiving messages for queue https://eu-west-1.queue.amazonaws.com/216463081828/c7f13e21c1f18a5510373cebeae9590e3bf58b653b0608c32488e10bd8649f85
2017-09-22 18:46:44,745 [DEBUG] Receiving messages for queue https://eu-west-1.queue.amazonaws.com/216463081828/c7f13e21c1f18a5510373cebeae9590e3bf58b653b0608c32488e10bd8649f85
2017-09-22 18:47:04,820 [DEBUG] Receiving messages for queue https://eu-west-1.queue.amazonaws.com/216463081828/c7f13e21c1f18a5510373cebeae9590e3bf58b653b0608c32488e10bd8649f85
2017-09-22 18:47:24,894 [DEBUG] Receiving messages for queue https://eu-west-1.queue.amazonaws.com/216463081828/c7f13e21c1f18a5510373cebeae9590e3bf58b653b0608c32488e10bd8649f85
2017-09-22 18:47:44,970 [DEBUG] Receiving messages for queue https://eu-west-1.queue.amazonaws.com/216463081828/c7f13e21c1f18a5510373cebeae9590e3bf58b653b0608c32488e10bd8649f85
2017-09-22 18:48:05,047 [DEBUG] Receiving messages for queue https://eu-west-1.queue.amazonaws.com/216463081828/c7f13e21c1f18a5510373cebeae9590e3bf58b653b0608c32488e10bd8649f85
2017-09-22 18:48:25,118 [DEBUG] Receiving messages for queue https://eu-west-1.queue.amazonaws.com/216463081828/c7f13e21c1f18a5510373cebeae9590e3bf58b653b0608c32488e10bd8649f85
2017-09-22 18:48:45,192 [DEBUG] Receiving messages for queue https://eu-west-1.queue.amazonaws.com/216463081828/c7f13e21c1f18a5510373cebeae9590e3bf58b653b0608c32488e10bd8649f85
2017-09-22 18:49:05,268 [DEBUG] Receiving messages for queue https://eu-west-1.queue.amazonaws.com/216463081828/c7f13e21c1f18a5510373cebeae9590e3bf58b653b0608c32488e10bd8649f85
2017-09-22 18:49:25,345 [DEBUG] Receiving messages for queue https://eu-west-1.queue.amazonaws.com/216463081828/c7f13e21c1f18a5510373cebeae9590e3bf58b653b0608c32488e10bd8649f85
2017-09-22 18:49:45,417 [DEBUG] Receiving messages for queue https://eu-west-1.queue.amazonaws.com/216463081828/c7f13e21c1f18a5510373cebeae9590e3bf58b653b0608c32488e10bd8649f85
2017-09-22 18:50:05,492 [DEBUG] Receiving messages for queue https://eu-west-1.queue.amazonaws.com/216463081828/c7f13e21c1f18a5510373cebeae9590e3bf58b653b0608c32488e10bd8649f85
2017-09-22 18:50:25,618 [INFO] command processing is alive.
2017-09-22 18:50:25,619 [DEBUG] Receiving messages for queue https://eu-west-1.queue.amazonaws.com/216463081828/c7f13e21c1f18a5510373cebeae9590e3bf58b653b0608c32488e10bd8649f85
2017-09-22 18:50:45,693 [DEBUG] Receiving messages for queue https://eu-west-1.queue.amazonaws.com/216463081828/c7f13e21c1f18a5510373cebeae9590e3bf58b653b0608c32488e10bd8649f85
2017-09-22 18:51:05,769 [DEBUG] Receiving messages for queue https://eu-west-1.queue.amazonaws.com/216463081828/c7f13e21c1f18a5510373cebeae9590e3bf58b653b0608c32488e10bd8649f85
2017-09-22 18:51:25,845 [DEBUG] Receiving messages for queue https://eu-west-1.queue.amazonaws.com/216463081828/c7f13e21c1f18a5510373cebeae9590e3bf58b653b0608c32488e10bd8649f85
2017-09-22 18:51:46,122 [DEBUG] Receiving messages for queue https://eu-west-1.queue.amazonaws.com/216463081828/c7f13e21c1f18a5510373cebeae9590e3bf58b653b0608c32488e10bd8649f85
2017-09-22 18:52:06,195 [DEBUG] Receiving messages for queue https://eu-west-1.queue.amazonaws.com/216463081828/c7f13e21c1f18a5510373cebeae9590e3bf58b653b0608c32488e10bd8649f85
2017-09-22 18:52:26,268 [DEBUG] Receiving messages for queue https://eu-west-1.queue.amazonaws.com/216463081828/c7f13e21c1f18a5510373cebeae9590e3bf58b653b0608c32488e10bd8649f85
2017-09-22 18:52:46,342 [DEBUG] Receiving messages for queue https://eu-west-1.queue.amazonaws.com/216463081828/c7f13e21c1f18a5510373cebeae9590e3bf58b653b0608c32488e10bd8649f85
2017-09-22 18:53:06,418 [DEBUG] Receiving messages for queue https://eu-west-1.queue.amazonaws.com/216463081828/c7f13e21c1f18a5510373cebeae9590e3bf58b653b0608c32488e10bd8649f85
2017-09-22 18:53:26,492 [DEBUG] Receiving messages for queue https://eu-west-1.queue.amazonaws.com/216463081828/c7f13e21c1f18a5510373cebeae9590e3bf58b653b0608c32488e10bd8649f85
2017-09-22 18:53:46,569 [DEBUG] Receiving messages for queue https://eu-west-1.queue.amazonaws.com/216463081828/c7f13e21c1f18a5510373cebeae9590e3bf58b653b0608c32488e10bd8649f85
2017-09-22 18:54:06,644 [DEBUG] Receiving messages for queue https://eu-west-1.queue.amazonaws.com/216463081828/c7f13e21c1f18a5510373cebeae9590e3bf58b653b0608c32488e10bd8649f85
2017-09-22 18:54:26,716 [DEBUG] Receiving messages for queue https://eu-west-1.queue.amazonaws.com/216463081828/c7f13e21c1f18a5510373cebeae9590e3bf58b653b0608c32488e10bd8649f85
2017-09-22 18:54:46,790 [DEBUG] Receiving messages for queue https://eu-west-1.queue.amazonaws.com/216463081828/c7f13e21c1f18a5510373cebeae9590e3bf58b653b0608c32488e10bd8649f85
2017-09-22 18:55:06,866 [DEBUG] Receiving messages for queue https://eu-west-1.queue.amazonaws.com/216463081828/c7f13e21c1f18a5510373cebeae9590e3bf58b653b0608c32488e10bd8649f85
2017-09-22 18:55:26,945 [INFO] command processing is alive.
2017-09-22 18:55:26,946 [DEBUG] Receiving messages for queue https://eu-west-1.queue.amazonaws.com/216463081828/c7f13e21c1f18a5510373cebeae9590e3bf58b653b0608c32488e10bd8649f85
2017-09-22 18:55:47,171 [DEBUG] Receiving messages for queue https://eu-west-1.queue.amazonaws.com/216463081828/c7f13e21c1f18a5510373cebeae9590e3bf58b653b0608c32488e10bd8649f85
2017-09-22 18:56:07,247 [DEBUG] Receiving messages for queue https://eu-west-1.queue.amazonaws.com/216463081828/c7f13e21c1f18a5510373cebeae9590e3bf58b653b0608c32488e10bd8649f85
2017-09-22 18:56:27,323 [DEBUG] Receiving messages for queue https://eu-west-1.queue.amazonaws.com/216463081828/c7f13e21c1f18a5510373cebeae9590e3bf58b653b0608c32488e10bd8649f85
2017-09-22 18:56:47,396 [DEBUG] Receiving messages for queue https://eu-west-1.queue.amazonaws.com/216463081828/c7f13e21c1f18a5510373cebeae9590e3bf58b653b0608c32488e10bd8649f85
2017-09-22 18:57:07,473 [DEBUG] Receiving messages for queue https://eu-west-1.queue.amazonaws.com/216463081828/c7f13e21c1f18a5510373cebeae9590e3bf58b653b0608c32488e10bd8649f85
2017-09-22 18:57:27,552 [DEBUG] Receiving messages for queue https://eu-west-1.queue.amazonaws.com/216463081828/c7f13e21c1f18a5510373cebeae9590e3bf58b653b0608c32488e10bd8649f85
2017-09-22 18:57:47,629 [DEBUG] Receiving messages for queue https://eu-west-1.queue.amazonaws.com/216463081828/c7f13e21c1f18a5510373cebeae9590e3bf58b653b0608c32488e10bd8649f85
2017-09-22 18:58:07,703 [DEBUG] Receiving messages for queue https://eu-west-1.queue.amazonaws.com/216463081828/c7f13e21c1f18a5510373cebeae9590e3bf58b653b0608c32488e10bd8649f85
2017-09-22 18:58:27,779 [DEBUG] Receiving messages for queue https://eu-west-1.queue.amazonaws.com/216463081828/c7f13e21c1f18a5510373cebeae9590e3bf58b653b0608c32488e10bd8649f85
2017-09-22 18:58:47,854 [DEBUG] Receiving messages for queue https://eu-west-1.queue.amazonaws.com/216463081828/c7f13e21c1f18a5510373cebeae9590e3bf58b653b0608c32488e10bd8649f85
2017-09-22 18:59:07,924 [DEBUG] Receiving messages for queue https://eu-west-1.queue.amazonaws.com/216463081828/c7f13e21c1f18a5510373cebeae9590e3bf58b653b0608c32488e10bd8649f85
2017-09-22 18:59:27,998 [DEBUG] Receiving messages for queue https://eu-west-1.queue.amazonaws.com/216463081828/c7f13e21c1f18a5510373cebeae9590e3bf58b653b0608c32488e10bd8649f85
2017-09-22 18:59:48,075 [DEBUG] Receiving messages for queue https://eu-west-1.queue.amazonaws.com/216463081828/c7f13e21c1f18a5510373cebeae9590e3bf58b653b0608c32488e10bd8649f85
2017-09-22 19:00:08,153 [DEBUG] Receiving messages for queue https://eu-west-1.queue.amazonaws.com/216463081828/c7f13e21c1f18a5510373cebeae9590e3bf58b653b0608c32488e10bd8649f85
2017-09-22 19:00:28,229 [INFO] command processing is alive.
2017-09-22 19:00:28,229 [DEBUG] Receiving messages for queue https://eu-west-1.queue.amazonaws.com/216463081828/c7f13e21c1f18a5510373cebeae9590e3bf58b653b0608c32488e10bd8649f85
2017-09-22 19:00:48,308 [DEBUG] Receiving messages for queue https://eu-west-1.queue.amazonaws.com/216463081828/c7f13e21c1f18a5510373cebeae9590e3bf58b653b0608c32488e10bd8649f85
2017-09-22 19:01:08,384 [DEBUG] Receiving messages for queue https://eu-west-1.queue.amazonaws.com/216463081828/c7f13e21c1f18a5510373cebeae9590e3bf58b653b0608c32488e10bd8649f85
2017-09-22 19:01:28,455 [DEBUG] Receiving messages for queue https://eu-west-1.queue.amazonaws.com/216463081828/c7f13e21c1f18a5510373cebeae9590e3bf58b653b0608c32488e10bd8649f85
2017-09-22 19:01:48,530 [DEBUG] Receiving messages for queue https://eu-west-1.queue.amazonaws.com/216463081828/c7f13e21c1f18a5510373cebeae9590e3bf58b653b0608c32488e10bd8649f85
2017-09-22 19:02:08,607 [DEBUG] Receiving messages for queue https://eu-west-1.queue.amazonaws.com/216463081828/c7f13e21c1f18a5510373cebeae9590e3bf58b653b0608c32488e10bd8649f85
2017-09-22 19:02:28,681 [DEBUG] Receiving messages for queue https://eu-west-1.queue.amazonaws.com/216463081828/c7f13e21c1f18a5510373cebeae9590e3bf58b653b0608c32488e10bd8649f85
2017-09-22 19:02:48,754 [DEBUG] Receiving messages for queue https://eu-west-1.queue.amazonaws.com/216463081828/c7f13e21c1f18a5510373cebeae9590e3bf58b653b0608c32488e10bd8649f85
2017-09-22 19:03:08,832 [DEBUG] Receiving messages for queue https://eu-west-1.queue.amazonaws.com/216463081828/c7f13e21c1f18a5510373cebeae9590e3bf58b653b0608c32488e10bd8649f85
2017-09-22 19:03:28,909 [DEBUG] Receiving messages for queue https://eu-west-1.queue.amazonaws.com/216463081828/c7f13e21c1f18a5510373cebeae9590e3bf58b653b0608c32488e10bd8649f85
2017-09-22 19:03:48,983 [DEBUG] Receiving messages for queue https://eu-west-1.queue.amazonaws.com/216463081828/c7f13e21c1f18a5510373cebeae9590e3bf58b653b0608c32488e10bd8649f85
2017-09-22 19:04:09,062 [DEBUG] Receiving messages for queue https://eu-west-1.queue.amazonaws.com/216463081828/c7f13e21c1f18a5510373cebeae9590e3bf58b653b0608c32488e10bd8649f85
2017-09-22 19:04:29,141 [DEBUG] Receiving messages for queue https://eu-west-1.queue.amazonaws.com/216463081828/c7f13e21c1f18a5510373cebeae9590e3bf58b653b0608c32488e10bd8649f85
2017-09-22 19:04:49,216 [DEBUG] Receiving messages for queue https://eu-west-1.queue.amazonaws.com/216463081828/c7f13e21c1f18a5510373cebeae9590e3bf58b653b0608c32488e10bd8649f85
2017-09-22 19:05:09,290 [DEBUG] Receiving messages for queue https://eu-west-1.queue.amazonaws.com/216463081828/c7f13e21c1f18a5510373cebeae9590e3bf58b653b0608c32488e10bd8649f85
2017-09-22 19:05:29,367 [INFO] command processing is alive.
2017-09-22 19:05:29,367 [DEBUG] Receiving messages for queue https://eu-west-1.queue.amazonaws.com/216463081828/c7f13e21c1f18a5510373cebeae9590e3bf58b653b0608c32488e10bd8649f85
2017-09-22 19:05:49,444 [DEBUG] Receiving messages for queue https://eu-west-1.queue.amazonaws.com/216463081828/c7f13e21c1f18a5510373cebeae9590e3bf58b653b0608c32488e10bd8649f85
2017-09-22 19:06:09,521 [DEBUG] Receiving messages for queue https://eu-west-1.queue.amazonaws.com/216463081828/c7f13e21c1f18a5510373cebeae9590e3bf58b653b0608c32488e10bd8649f85
2017-09-22 19:06:29,596 [DEBUG] Receiving messages for queue https://eu-west-1.queue.amazonaws.com/216463081828/c7f13e21c1f18a5510373cebeae9590e3bf58b653b0608c32488e10bd8649f85
2017-09-22 19:06:49,670 [DEBUG] Receiving messages for queue https://eu-west-1.queue.amazonaws.com/216463081828/c7f13e21c1f18a5510373cebeae9590e3bf58b653b0608c32488e10bd8649f85
2017-09-22 19:07:09,744 [DEBUG] Receiving messages for queue https://eu-west-1.queue.amazonaws.com/216463081828/c7f13e21c1f18a5510373cebeae9590e3bf58b653b0608c32488e10bd8649f85
2017-09-22 19:07:29,816 [DEBUG] Receiving messages for queue https://eu-west-1.queue.amazonaws.com/216463081828/c7f13e21c1f18a5510373cebeae9590e3bf58b653b0608c32488e10bd8649f85
2017-09-22 19:07:49,940 [DEBUG] Receiving messages for queue https://eu-west-1.queue.amazonaws.com/216463081828/c7f13e21c1f18a5510373cebeae9590e3bf58b653b0608c32488e10bd8649f85
2017-09-22 19:08:10,015 [DEBUG] Receiving messages for queue https://eu-west-1.queue.amazonaws.com/216463081828/c7f13e21c1f18a5510373cebeae9590e3bf58b653b0608c32488e10bd8649f85
2017-09-22 19:08:30,047 [DEBUG] Receiving messages for queue https://eu-west-1.queue.amazonaws.com/216463081828/c7f13e21c1f18a5510373cebeae9590e3bf58b653b0608c32488e10bd8649f85
2017-09-22 19:08:50,118 [DEBUG] Receiving messages for queue https://eu-west-1.queue.amazonaws.com/216463081828/c7f13e21c1f18a5510373cebeae9590e3bf58b653b0608c32488e10bd8649f85
2017-09-22 19:09:10,193 [DEBUG] Receiving messages for queue https://eu-west-1.queue.amazonaws.com/216463081828/c7f13e21c1f18a5510373cebeae9590e3bf58b653b0608c32488e10bd8649f85
2017-09-22 19:09:30,269 [DEBUG] Receiving messages for queue https://eu-west-1.queue.amazonaws.com/216463081828/c7f13e21c1f18a5510373cebeae9590e3bf58b653b0608c32488e10bd8649f85
2017-09-22 19:09:50,346 [DEBUG] Receiving messages for queue https://eu-west-1.queue.amazonaws.com/216463081828/c7f13e21c1f18a5510373cebeae9590e3bf58b653b0608c32488e10bd8649f85
2017-09-22 19:10:10,419 [DEBUG] Receiving messages for queue https://eu-west-1.queue.amazonaws.com/216463081828/c7f13e21c1f18a5510373cebeae9590e3bf58b653b0608c32488e10bd8649f85
2017-09-22 19:10:30,497 [INFO] command processing is alive.
2017-09-22 19:10:30,498 [DEBUG] Receiving messages for queue https://eu-west-1.queue.amazonaws.com/216463081828/c7f13e21c1f18a5510373cebeae9590e3bf58b653b0608c32488e10bd8649f85
2017-09-22 19:10:50,573 [DEBUG] Receiving messages for queue https://eu-west-1.queue.amazonaws.com/216463081828/c7f13e21c1f18a5510373cebeae9590e3bf58b653b0608c32488e10bd8649f85
2017-09-22 19:11:10,645 [DEBUG] Receiving messages for queue https://eu-west-1.queue.amazonaws.com/216463081828/c7f13e21c1f18a5510373cebeae9590e3bf58b653b0608c32488e10bd8649f85
2017-09-22 19:11:30,720 [DEBUG] Receiving messages for queue https://eu-west-1.queue.amazonaws.com/216463081828/c7f13e21c1f18a5510373cebeae9590e3bf58b653b0608c32488e10bd8649f85
2017-09-22 19:11:50,796 [DEBUG] Receiving messages for queue https://eu-west-1.queue.amazonaws.com/216463081828/c7f13e21c1f18a5510373cebeae9590e3bf58b653b0608c32488e10bd8649f85
2017-09-22 19:12:10,875 [DEBUG] Receiving messages for queue https://eu-west-1.queue.amazonaws.com/216463081828/c7f13e21c1f18a5510373cebeae9590e3bf58b653b0608c32488e10bd8649f85
2017-09-22 19:12:30,950 [DEBUG] Receiving messages for queue https://eu-west-1.queue.amazonaws.com/216463081828/c7f13e21c1f18a5510373cebeae9590e3bf58b653b0608c32488e10bd8649f85
2017-09-22 19:12:51,027 [DEBUG] Receiving messages for queue https://eu-west-1.queue.amazonaws.com/216463081828/c7f13e21c1f18a5510373cebeae9590e3bf58b653b0608c32488e10bd8649f85
2017-09-22 19:13:11,068 [DEBUG] Receiving messages for queue https://eu-west-1.queue.amazonaws.com/216463081828/c7f13e21c1f18a5510373cebeae9590e3bf58b653b0608c32488e10bd8649f85
2017-09-22 19:13:31,141 [DEBUG] Receiving messages for queue https://eu-west-1.queue.amazonaws.com/216463081828/c7f13e21c1f18a5510373cebeae9590e3bf58b653b0608c32488e10bd8649f85
2017-09-22 19:13:51,216 [DEBUG] Receiving messages for queue https://eu-west-1.queue.amazonaws.com/216463081828/c7f13e21c1f18a5510373cebeae9590e3bf58b653b0608c32488e10bd8649f85
2017-09-22 19:14:11,293 [DEBUG] Receiving messages for queue https://eu-west-1.queue.amazonaws.com/216463081828/c7f13e21c1f18a5510373cebeae9590e3bf58b653b0608c32488e10bd8649f85
2017-09-22 19:14:31,369 [DEBUG] Receiving messages for queue https://eu-west-1.queue.amazonaws.com/216463081828/c7f13e21c1f18a5510373cebeae9590e3bf58b653b0608c32488e10bd8649f85
2017-09-22 19:14:51,441 [DEBUG] Receiving messages for queue https://eu-west-1.queue.amazonaws.com/216463081828/c7f13e21c1f18a5510373cebeae9590e3bf58b653b0608c32488e10bd8649f85
2017-09-22 19:15:11,518 [DEBUG] Receiving messages for queue https://eu-west-1.queue.amazonaws.com/216463081828/c7f13e21c1f18a5510373cebeae9590e3bf58b653b0608c32488e10bd8649f85
2017-09-22 19:15:31,595 [INFO] command processing is alive.
2017-09-22 19:15:31,595 [DEBUG] Receiving messages for queue https://eu-west-1.queue.amazonaws.com/216463081828/c7f13e21c1f18a5510373cebeae9590e3bf58b653b0608c32488e10bd8649f85
2017-09-22 19:15:51,667 [DEBUG] Receiving messages for queue https://eu-west-1.queue.amazonaws.com/216463081828/c7f13e21c1f18a5510373cebeae9590e3bf58b653b0608c32488e10bd8649f85
2017-09-22 19:16:11,740 [DEBUG] Receiving messages for queue https://eu-west-1.queue.amazonaws.com/216463081828/c7f13e21c1f18a5510373cebeae9590e3bf58b653b0608c32488e10bd8649f85
2017-09-22 19:16:31,816 [DEBUG] Receiving messages for queue https://eu-west-1.queue.amazonaws.com/216463081828/c7f13e21c1f18a5510373cebeae9590e3bf58b653b0608c32488e10bd8649f85
2017-09-22 19:16:51,894 [DEBUG] Receiving messages for queue https://eu-west-1.queue.amazonaws.com/216463081828/c7f13e21c1f18a5510373cebeae9590e3bf58b653b0608c32488e10bd8649f85
2017-09-22 19:17:11,967 [DEBUG] Receiving messages for queue https://eu-west-1.queue.amazonaws.com/216463081828/c7f13e21c1f18a5510373cebeae9590e3bf58b653b0608c32488e10bd8649f85
2017-09-22 19:17:32,092 [DEBUG] Receiving messages for queue https://eu-west-1.queue.amazonaws.com/216463081828/c7f13e21c1f18a5510373cebeae9590e3bf58b653b0608c32488e10bd8649f85
2017-09-22 19:17:52,167 [DEBUG] Receiving messages for queue https://eu-west-1.queue.amazonaws.com/216463081828/c7f13e21c1f18a5510373cebeae9590e3bf58b653b0608c32488e10bd8649f85
2017-09-22 19:18:12,241 [DEBUG] Receiving messages for queue https://eu-west-1.queue.amazonaws.com/216463081828/c7f13e21c1f18a5510373cebeae9590e3bf58b653b0608c32488e10bd8649f85
2017-09-22 19:18:32,313 [DEBUG] Receiving messages for queue https://eu-west-1.queue.amazonaws.com/216463081828/c7f13e21c1f18a5510373cebeae9590e3bf58b653b0608c32488e10bd8649f85
2017-09-22 19:18:52,390 [DEBUG] Receiving messages for queue https://eu-west-1.queue.amazonaws.com/216463081828/c7f13e21c1f18a5510373cebeae9590e3bf58b653b0608c32488e10bd8649f85
2017-09-22 19:19:12,468 [DEBUG] Receiving messages for queue https://eu-west-1.queue.amazonaws.com/216463081828/c7f13e21c1f18a5510373cebeae9590e3bf58b653b0608c32488e10bd8649f85
2017-09-22 19:19:32,541 [DEBUG] Receiving messages for queue https://eu-west-1.queue.amazonaws.com/216463081828/c7f13e21c1f18a5510373cebeae9590e3bf58b653b0608c32488e10bd8649f85
2017-09-22 19:19:52,615 [DEBUG] Receiving messages for queue https://eu-west-1.queue.amazonaws.com/216463081828/c7f13e21c1f18a5510373cebeae9590e3bf58b653b0608c32488e10bd8649f85
2017-09-22 19:20:12,690 [DEBUG] Receiving messages for queue https://eu-west-1.queue.amazonaws.com/216463081828/c7f13e21c1f18a5510373cebeae9590e3bf58b653b0608c32488e10bd8649f85
2017-09-22 19:20:32,768 [INFO] command processing is alive.
2017-09-22 19:20:32,768 [DEBUG] Receiving messages for queue https://eu-west-1.queue.amazonaws.com/216463081828/c7f13e21c1f18a5510373cebeae9590e3bf58b653b0608c32488e10bd8649f85
2017-09-22 19:20:52,841 [DEBUG] Receiving messages for queue https://eu-west-1.queue.amazonaws.com/216463081828/c7f13e21c1f18a5510373cebeae9590e3bf58b653b0608c32488e10bd8649f85
2017-09-22 19:21:12,918 [DEBUG] Receiving messages for queue https://eu-west-1.queue.amazonaws.com/216463081828/c7f13e21c1f18a5510373cebeae9590e3bf58b653b0608c32488e10bd8649f85
2017-09-22 19:21:32,996 [DEBUG] Receiving messages for queue https://eu-west-1.queue.amazonaws.com/216463081828/c7f13e21c1f18a5510373cebeae9590e3bf58b653b0608c32488e10bd8649f85
2017-09-22 19:21:53,068 [DEBUG] Receiving messages for queue https://eu-west-1.queue.amazonaws.com/216463081828/c7f13e21c1f18a5510373cebeae9590e3bf58b653b0608c32488e10bd8649f85
2017-09-22 19:22:13,142 [DEBUG] Receiving messages for queue https://eu-west-1.queue.amazonaws.com/216463081828/c7f13e21c1f18a5510373cebeae9590e3bf58b653b0608c32488e10bd8649f85
2017-09-22 19:22:33,215 [DEBUG] Receiving messages for queue https://eu-west-1.queue.amazonaws.com/216463081828/c7f13e21c1f18a5510373cebeae9590e3bf58b653b0608c32488e10bd8649f85
2017-09-22 19:22:53,292 [DEBUG] Receiving messages for queue https://eu-west-1.queue.amazonaws.com/216463081828/c7f13e21c1f18a5510373cebeae9590e3bf58b653b0608c32488e10bd8649f85
2017-09-22 19:23:06,146 [DEBUG] Processing message: {'EventHandle': 'https://cfn-command-events-euwest1.s3-eu-west-1.amazonaws.com/b3fcc350f24c03293d0069dae6601a79e43ce48e486965723a141fc11275b452?X-Amz-Algorithm=AWS4-HMAC-SHA256&X-Amz-Date=20170922T192306Z&X-Amz-SignedHeaders=host&X-Amz-Expires=3719&X-Amz-Credential=AKIAICW76IH6OH7O6VVA%2F20170922%2Feu-west-1%2Fs3%2Faws4_request&X-Amz-Signature=055d792217887d7937a9adb92d51b78e4a3f42431186b5791f0500044abeb05e', 'DispatcherId': 'arn:aws:cloudformation:eu-west-1:470576480462:dispatcher/awseb-e-yxqk2dspb5-stack/fea20538-450e-4647-ba14-6e6d82d93801', 'CommandName': 'ElasticBeanstalkCommand-AWSEBAutoScalingGroup', 'Expiration': 1506108305968, 'ResultQueue': 'https://sqs.eu-west-1.amazonaws.com/216463081828/results', 'Data': 'https://elasticbeanstalk-eu-west-1.s3-eu-west-1.amazonaws.com/data/environments/df83ac29-ba2d-4428-b458-ab8b1c20d87e/38694c5c-3236-4d21-a801-88bbc7520fef?AWSAccessKeyId=AKIAIZY7EH7EJXCHSE2A&Expires=1506108485&Signature=sk%2Bz3e%2BOjbOLBzEy4ZBNVC%2F9gW8%3D', 'InvocationId': '8eddbd64-f516-41a3-ad09-5bd373fb1ccb'}
2017-09-22 19:23:06,146 [DEBUG] Command message: {'EventHandle': 'https://cfn-command-events-euwest1.s3-eu-west-1.amazonaws.com/b3fcc350f24c03293d0069dae6601a79e43ce48e486965723a141fc11275b452?X-Amz-Algorithm=AWS4-HMAC-SHA256&X-Amz-Date=20170922T192306Z&X-Amz-SignedHeaders=host&X-Amz-Expires=3719&X-Amz-Credential=AKIAICW76IH6OH7O6VVA%2F20170922%2Feu-west-1%2Fs3%2Faws4_request&X-Amz-Signature=055d792217887d7937a9adb92d51b78e4a3f42431186b5791f0500044abeb05e', 'DispatcherId': 'arn:aws:cloudformation:eu-west-1:470576480462:dispatcher/awseb-e-yxqk2dspb5-stack/fea20538-450e-4647-ba14-6e6d82d93801', 'CommandName': 'ElasticBeanstalkCommand-AWSEBAutoScalingGroup', 'Expiration': 1506108305968, 'ResultQueue': 'https://sqs.eu-west-1.amazonaws.com/216463081828/results', 'Data': 'https://elasticbeanstalk-eu-west-1.s3-eu-west-1.amazonaws.com/data/environments/df83ac29-ba2d-4428-b458-ab8b1c20d87e/38694c5c-3236-4d21-a801-88bbc7520fef?AWSAccessKeyId=AKIAIZY7EH7EJXCHSE2A&Expires=1506108485&Signature=sk%2Bz3e%2BOjbOLBzEy4ZBNVC%2F9gW8%3D', 'InvocationId': '8eddbd64-f516-41a3-ad09-5bd373fb1ccb'}
2017-09-22 19:23:06,146 [INFO] Received command ElasticBeanstalkCommand-AWSEBAutoScalingGroup (invocation id: 8eddbd64-f516-41a3-ad09-5bd373fb1ccb)
2017-09-22 19:23:06,147 [INFO] Running action for aws-eb-command-handler
2017-09-22 19:23:06,147 [DEBUG] Action environment: {'LANG': 'en_US.UTF-8', 'TERM': 'linux', 'LISTENER_ID': u'i-05fcfa78c9270316d', 'RESULT_SECRET_KEY': u'uaRGMT4Mmg9kAOgCixeUR4vHDuGCDmsDiy9xVb2R', 'SHLVL': '1', 'RESULT_ACCESS_KEY': u'ASIAJXP6I2Q6TBG6EDDA', 'STACK_NAME': 'arn:aws:cloudformation:eu-west-1:470576480462:stack/awseb-e-yxqk2dspb5-stack/350dd830-330d-11e6-9874-500c3cd570d2', 'RESULT_SESSION_TOKEN': u'AgoGb3JpZ2luEA4aCWV1LXdlc3QtMSKAAkxcx4XHAznihy3xcCsuc15AkLBWrJlfL2Rb3BLJnO6c3DDvXFkIO06JHz3BMpV8zTSoHW9XzDc4XPBvAwyNStWWTeoLiuBOdpWksqNjprYP0tQNoISC3gwKwVx8EcZhew/oewOCznnHFpeQxUycZ5QWZDlZ7x38lzCFiVivMQICxikBmUK6qp0U9AvPNJeTL8IqdV9UAF8i49VCkHUxfZFjS8mnMBM8SxyR5g9othznRK1F47Nzablw2FYLFtgfxF8kzsQSM2SZWL7x4GYFLgf/nhdczPsT9uchU7woLIMb2A2RVCFu5Nv+8Z+wjw7dAGRmhwxvTv3RO3yMTLB/MdUqxgMI8///////////ARAAGgwyMTY0NjMwODE4MjgiDHkzt7SNmdSeTIb53iqaAwPTCp6KE2GgNTVla/hiLNYzOIMx3TQY6cWkUlY0s20L/hcv68IP1h/eINror1+FaTgjCATMwqJ7YdYv8/8gE32Zb/vVQHjkpctDO3dehFVOWlh0NLNsTNmYVfU1zhoSF6gnzcDaPSZ7g2N+U2n9ekJVsIrS9CXJTim35+TnmiK3F8nUUOhXmrQo1ePhZOVpOlWSkXFa+VfypVHYwR3SKysqhu4ir44XyCsMsEFUkOvMFYZlPlkFUkMNKVzfp7KQPkFnlakLS/0Q7rT9RjtRHUnoNSee50G41EPFhqB4QLJPZwOqDBwWVOi0mtsXoc2ho+8HOJpQ68eQJYH1wm6FGy/xpvThJn8oWkSFjR+fnBr4/ChPdz8VHeq7eCVBNomYkk21Xqu1L02kYT3Eih9cTzCm1Gru9IBbcdg7S4Uv7p+WBZFipBsbW6UVzwtNYTvZOx/pJG/nj462ldGJmycnbnYC679uVET4bF11iqCfOrI9o+sQ5IiDKSeQPQ8tMC9jSqTgP8UyIiew/nze9tbEu4qvs9fed0V/NQDqMJWflc4F', 'UPSTART_JOB': 'cfn-hup', 'CMD_DATA': 'https://elasticbeanstalk-eu-west-1.s3-eu-west-1.amazonaws.com/data/environments/df83ac29-ba2d-4428-b458-ab8b1c20d87e/38694c5c-3236-4d21-a801-88bbc7520fef?AWSAccessKeyId=AKIAIZY7EH7EJXCHSE2A&Expires=1506108485&Signature=sk%2Bz3e%2BOjbOLBzEy4ZBNVC%2F9gW8%3D', 'UPSTART_INSTANCE': '', 'PWD': '/', 'PATH': '/usr/local/sbin:/usr/local/bin:/usr/bin:/usr/sbin:/sbin:/bin', 'CMD_NAME': 'ElasticBeanstalkCommand-AWSEBAutoScalingGroup', 'RESULT_QUEUE': 'https://sqs.eu-west-1.amazonaws.com/216463081828/results', 'DISPATCHER_ID': 'arn:aws:cloudformation:eu-west-1:470576480462:dispatcher/awseb-e-yxqk2dspb5-stack/fea20538-450e-4647-ba14-6e6d82d93801', 'EVENT_HANDLE': 'https://cfn-command-events-euwest1.s3-eu-west-1.amazonaws.com/b3fcc350f24c03293d0069dae6601a79e43ce48e486965723a141fc11275b452?X-Amz-Algorithm=AWS4-HMAC-SHA256&X-Amz-Date=20170922T192306Z&X-Amz-SignedHeaders=host&X-Amz-Expires=3719&X-Amz-Credential=AKIAICW76IH6OH7O6VVA%2F20170922%2Feu-west-1%2Fs3%2Faws4_request&X-Amz-Signature=055d792217887d7937a9adb92d51b78e4a3f42431186b5791f0500044abeb05e', '_': '/opt/aws/bin/cfn-hup', 'INVOCATION_ID': '8eddbd64-f516-41a3-ad09-5bd373fb1ccb'}
2017-09-22 19:23:06,671 [DEBUG] Action for aws-eb-command-handler output: {"status":"SUCCESS","api_version":"1.0","results":[{"status":"SUCCESS","msg":"","returncode":0,"events":[{"msg":"[Instance: i-05fcfa78c9270316d] Successfully finished tailing 5 log(s)","severity":"INFO","timestamp":1506108186663}]}]}
2017-09-22 19:23:06,671 [INFO] Action for aws-eb-command-handler succeeded, returning SUCCESS
2017-09-22 19:23:06,671 [DEBUG] Sending {"Status": "SUCCESS", "DispatcherId": "arn:aws:cloudformation:eu-west-1:470576480462:dispatcher/awseb-e-yxqk2dspb5-stack/fea20538-450e-4647-ba14-6e6d82d93801", "ListenerId": "i-05fcfa78c9270316d", "CommandName": "ElasticBeanstalkCommand-AWSEBAutoScalingGroup", "InvocationId": "8eddbd64-f516-41a3-ad09-5bd373fb1ccb", "Data": "{\"status\":\"SUCCESS\",\"api_version\":\"1.0\",\"results\":[{\"status\":\"SUCCESS\",\"msg\":\"\",\"returncode\":0,\"events\":[{\"msg\":\"[Instance: i-05fcfa78c9270316d] Successfully finished tailing 5 log(s)\",\"severity\":\"INFO\",\"timestamp\":1506108186663}]}]}"} to queue https://eu-west-1.queue.amazonaws.com/216463081828/results
2017-09-22 19:23:06,738 [DEBUG] Deleting AQEBsjs4evV641DZWbgPFTEzISW1tCD2b7pFHc48ZaLcMerf1RYd03zhF0P3xqNjy84kcrhNrtpnGfM3MkpceiwOt+3XZ/Y68nROD/SG7dnrlvjwrixRRsQDDAAsE5wxo72hOnsySxOj/4bqtGhkthw1YVr1Sdrn6Aa3gev/QiD2ZJC1WRB0TZazXiZrKDw+/pQhXzFZzEs2uU0RW3fJ7eO9uOd4DXFx8eqLvUIaN6u3ByV6UXYJjYIjXDZA9epEqzCWE4zdL35xS/IwhHgfiBZhtWLeK4iH0hxpV7rLkuuuCoxXLSXrqawj75jyZxLXRK5NAZrFit4RTIYp8mtb/zcdyN1XC6bJVGrKwdcQOqFR3uZ26uEAXyoBSKFnbY8Zb/tJ5CkNFdcQXndiZeOCGbhgGqSqcgdOiXT2tucUKvGp1lW44bCzDGtLRK7H0OZRJV640qzPQVx6qaZWlqZPxpyZdg== from queue https://eu-west-1.queue.amazonaws.com/216463081828/c7f13e21c1f18a5510373cebeae9590e3bf58b653b0608c32488e10bd8649f85
2017-09-22 19:23:06,769 [DEBUG] Receiving messages for queue https://eu-west-1.queue.amazonaws.com/216463081828/c7f13e21c1f18a5510373cebeae9590e3bf58b653b0608c32488e10bd8649f85
2017-09-22 19:23:26,848 [DEBUG] Receiving messages for queue https://eu-west-1.queue.amazonaws.com/216463081828/c7f13e21c1f18a5510373cebeae9590e3bf58b653b0608c32488e10bd8649f85
2017-09-22 19:23:46,923 [DEBUG] Receiving messages for queue https://eu-west-1.queue.amazonaws.com/216463081828/c7f13e21c1f18a5510373cebeae9590e3bf58b653b0608c32488e10bd8649f85
2017-09-22 19:24:07,000 [DEBUG] Receiving messages for queue https://eu-west-1.queue.amazonaws.com/216463081828/c7f13e21c1f18a5510373cebeae9590e3bf58b653b0608c32488e10bd8649f85
2017-09-22 19:24:07,064 [DEBUG] Processing message: {'EventHandle': 'https://cfn-command-events-euwest1.s3-eu-west-1.amazonaws.com/e96298ab851549afd2efc2a56273a0f974d320ab8419203d0cda1879f5608967?X-Amz-Algorithm=AWS4-HMAC-SHA256&X-Amz-Date=20170922T192406Z&X-Amz-SignedHeaders=host&X-Amz-Expires=3719&X-Amz-Credential=AKIAICW76IH6OH7O6VVA%2F20170922%2Feu-west-1%2Fs3%2Faws4_request&X-Amz-Signature=9d9c3c215616daa58f6569697f50ca58ad19b6dd143658ff470fe2a9cade0adb', 'DispatcherId': 'arn:aws:cloudformation:eu-west-1:470576480462:dispatcher/awseb-e-yxqk2dspb5-stack/fea20538-450e-4647-ba14-6e6d82d93801', 'CommandName': 'ElasticBeanstalkCommand-AWSEBAutoScalingGroup', 'Expiration': 1506108366762, 'ResultQueue': 'https://sqs.eu-west-1.amazonaws.com/216463081828/results', 'Data': 'https://elasticbeanstalk-eu-west-1.s3-eu-west-1.amazonaws.com/data/environments/df83ac29-ba2d-4428-b458-ab8b1c20d87e/3156ab88-88a3-4b23-9ed8-5a5f25c123cb?AWSAccessKeyId=AKIAIZY7EH7EJXCHSE2A&Expires=1506108546&Signature=%2B%2FH6Xp4h3Kcwwhl%2FtqQdw5KWnas%3D', 'InvocationId': '0fc285de-5336-4944-878b-dd26c2dabf0f'}
2017-09-22 19:24:07,064 [DEBUG] Command message: {'EventHandle': 'https://cfn-command-events-euwest1.s3-eu-west-1.amazonaws.com/e96298ab851549afd2efc2a56273a0f974d320ab8419203d0cda1879f5608967?X-Amz-Algorithm=AWS4-HMAC-SHA256&X-Amz-Date=20170922T192406Z&X-Amz-SignedHeaders=host&X-Amz-Expires=3719&X-Amz-Credential=AKIAICW76IH6OH7O6VVA%2F20170922%2Feu-west-1%2Fs3%2Faws4_request&X-Amz-Signature=9d9c3c215616daa58f6569697f50ca58ad19b6dd143658ff470fe2a9cade0adb', 'DispatcherId': 'arn:aws:cloudformation:eu-west-1:470576480462:dispatcher/awseb-e-yxqk2dspb5-stack/fea20538-450e-4647-ba14-6e6d82d93801', 'CommandName': 'ElasticBeanstalkCommand-AWSEBAutoScalingGroup', 'Expiration': 1506108366762, 'ResultQueue': 'https://sqs.eu-west-1.amazonaws.com/216463081828/results', 'Data': 'https://elasticbeanstalk-eu-west-1.s3-eu-west-1.amazonaws.com/data/environments/df83ac29-ba2d-4428-b458-ab8b1c20d87e/3156ab88-88a3-4b23-9ed8-5a5f25c123cb?AWSAccessKeyId=AKIAIZY7EH7EJXCHSE2A&Expires=1506108546&Signature=%2B%2FH6Xp4h3Kcwwhl%2FtqQdw5KWnas%3D', 'InvocationId': '0fc285de-5336-4944-878b-dd26c2dabf0f'}
2017-09-22 19:24:07,064 [INFO] Received command ElasticBeanstalkCommand-AWSEBAutoScalingGroup (invocation id: 0fc285de-5336-4944-878b-dd26c2dabf0f)
2017-09-22 19:24:07,064 [INFO] Running action for aws-eb-command-handler
2017-09-22 19:24:07,064 [DEBUG] Action environment: {'LANG': 'en_US.UTF-8', 'TERM': 'linux', 'LISTENER_ID': u'i-05fcfa78c9270316d', 'RESULT_SECRET_KEY': u'uaRGMT4Mmg9kAOgCixeUR4vHDuGCDmsDiy9xVb2R', 'SHLVL': '1', 'RESULT_ACCESS_KEY': u'ASIAJXP6I2Q6TBG6EDDA', 'STACK_NAME': 'arn:aws:cloudformation:eu-west-1:470576480462:stack/awseb-e-yxqk2dspb5-stack/350dd830-330d-11e6-9874-500c3cd570d2', 'RESULT_SESSION_TOKEN': u'AgoGb3JpZ2luEA4aCWV1LXdlc3QtMSKAAkxcx4XHAznihy3xcCsuc15AkLBWrJlfL2Rb3BLJnO6c3DDvXFkIO06JHz3BMpV8zTSoHW9XzDc4XPBvAwyNStWWTeoLiuBOdpWksqNjprYP0tQNoISC3gwKwVx8EcZhew/oewOCznnHFpeQxUycZ5QWZDlZ7x38lzCFiVivMQICxikBmUK6qp0U9AvPNJeTL8IqdV9UAF8i49VCkHUxfZFjS8mnMBM8SxyR5g9othznRK1F47Nzablw2FYLFtgfxF8kzsQSM2SZWL7x4GYFLgf/nhdczPsT9uchU7woLIMb2A2RVCFu5Nv+8Z+wjw7dAGRmhwxvTv3RO3yMTLB/MdUqxgMI8///////////ARAAGgwyMTY0NjMwODE4MjgiDHkzt7SNmdSeTIb53iqaAwPTCp6KE2GgNTVla/hiLNYzOIMx3TQY6cWkUlY0s20L/hcv68IP1h/eINror1+FaTgjCATMwqJ7YdYv8/8gE32Zb/vVQHjkpctDO3dehFVOWlh0NLNsTNmYVfU1zhoSF6gnzcDaPSZ7g2N+U2n9ekJVsIrS9CXJTim35+TnmiK3F8nUUOhXmrQo1ePhZOVpOlWSkXFa+VfypVHYwR3SKysqhu4ir44XyCsMsEFUkOvMFYZlPlkFUkMNKVzfp7KQPkFnlakLS/0Q7rT9RjtRHUnoNSee50G41EPFhqB4QLJPZwOqDBwWVOi0mtsXoc2ho+8HOJpQ68eQJYH1wm6FGy/xpvThJn8oWkSFjR+fnBr4/ChPdz8VHeq7eCVBNomYkk21Xqu1L02kYT3Eih9cTzCm1Gru9IBbcdg7S4Uv7p+WBZFipBsbW6UVzwtNYTvZOx/pJG/nj462ldGJmycnbnYC679uVET4bF11iqCfOrI9o+sQ5IiDKSeQPQ8tMC9jSqTgP8UyIiew/nze9tbEu4qvs9fed0V/NQDqMJWflc4F', 'UPSTART_JOB': 'cfn-hup', 'CMD_DATA': 'https://elasticbeanstalk-eu-west-1.s3-eu-west-1.amazonaws.com/data/environments/df83ac29-ba2d-4428-b458-ab8b1c20d87e/3156ab88-88a3-4b23-9ed8-5a5f25c123cb?AWSAccessKeyId=AKIAIZY7EH7EJXCHSE2A&Expires=1506108546&Signature=%2B%2FH6Xp4h3Kcwwhl%2FtqQdw5KWnas%3D', 'UPSTART_INSTANCE': '', 'PWD': '/', 'PATH': '/usr/local/sbin:/usr/local/bin:/usr/bin:/usr/sbin:/sbin:/bin', 'CMD_NAME': 'ElasticBeanstalkCommand-AWSEBAutoScalingGroup', 'RESULT_QUEUE': 'https://sqs.eu-west-1.amazonaws.com/216463081828/results', 'DISPATCHER_ID': 'arn:aws:cloudformation:eu-west-1:470576480462:dispatcher/awseb-e-yxqk2dspb5-stack/fea20538-450e-4647-ba14-6e6d82d93801', 'EVENT_HANDLE': 'https://cfn-command-events-euwest1.s3-eu-west-1.amazonaws.com/e96298ab851549afd2efc2a56273a0f974d320ab8419203d0cda1879f5608967?X-Amz-Algorithm=AWS4-HMAC-SHA256&X-Amz-Date=20170922T192406Z&X-Amz-SignedHeaders=host&X-Amz-Expires=3719&X-Amz-Credential=AKIAICW76IH6OH7O6VVA%2F20170922%2Feu-west-1%2Fs3%2Faws4_request&X-Amz-Signature=9d9c3c215616daa58f6569697f50ca58ad19b6dd143658ff470fe2a9cade0adb', '_': '/opt/aws/bin/cfn-hup', 'INVOCATION_ID': '0fc285de-5336-4944-878b-dd26c2dabf0f'}
