[2017-09-22T17:59:08Z] Started EB User Data
+ SLEEP_TIME=10
+ SLEEP_TIME_MAX=3600
+ true
+ curl https://s3.dualstack.eu-west-1.amazonaws.com/elasticbeanstalk-env-resources-eu-west-1/stalks/eb_node_js_4.0.1.110.0/lib/UserDataScript.sh
  % Total    % Received % Xferd  Average Speed   Time    Time     Time  Current
                                 Dload  Upload   Total   Spent    Left  Speed
  0     0    0     0    0     0      0      0 --:--:-- --:--:-- --:--:--     0100 12484  100 12484    0     0  64805      0 --:--:-- --:--:-- --:--:-- 65020
+ RESULT=0
+ [[ 0 -ne 0 ]]
+ /bin/bash /tmp/ebbootstrap.sh https://s3.dualstack.eu-west-1.amazonaws.com/elasticbeanstalk-env-resources-eu-west-1/stalks/eb_node_js_4.0.1.110.0/lib/aws-elasticbeanstalk-tools-1.20-1.noarch.rpm 'https://s3.dualstack.eu-west-1.amazonaws.com/elasticbeanstalk-env-resources-eu-west-1/stalks/eb_node_js_4.0.1.110.0/lib/awseb-ruby-2.2.4-x86_64-20160503_1008.tar.gz https://s3.dualstack.eu-west-1.amazonaws.com/elasticbeanstalk-env-resources-eu-west-1/stalks/eb_node_js_4.0.1.110.0/lib/basehooks.tar.gz' 'https://s3.dualstack.eu-west-1.amazonaws.com/elasticbeanstalk-env-resources-eu-west-1/stalks/eb_node_js_4.0.1.110.0/lib/beanstalk-core-2.11.gem https://s3.dualstack.eu-west-1.amazonaws.com/elasticbeanstalk-env-resources-eu-west-1/stalks/eb_node_js_4.0.1.110.0/lib/beanstalk-core-healthd-1.1.gem https://s3.dualstack.eu-west-1.amazonaws.com/elasticbeanstalk-env-resources-eu-west-1/stalks/eb_node_js_4.0.1.110.0/lib/executor-1.2.gem' 'https://cloudformation-waitcondition-eu-west-1.s3-eu-west-1.amazonaws.com/arn%3Aaws%3Acloudformation%3Aeu-west-1%3A470576480462%3Astack/awseb-e-yxqk2dspb5-stack/350dd830-330d-11e6-9874-500c3cd570d2/AWSEBInstanceLaunchWaitHandle?AWSAccessKeyId=AKIAJRBFOG6RPGASDWGA&Expires=1466090653&Signature=FKygrB2%2FTvBAPQSkO3LqIhFwp00%3D' arn:aws:cloudformation:eu-west-1:470576480462:stack/awseb-e-yxqk2dspb5-stack/350dd830-330d-11e6-9874-500c3cd570d2 eu-west-1 b41a430778bb 7e0facbc-8811-44d5-b955-1c65ad4d269b '' nginx ''
[2017-09-22T17:59:08.843Z] Started EB Bootstrapping Script.
[2017-09-22T17:59:08.902Z] Received parameters:
 RPMS = https://s3.dualstack.eu-west-1.amazonaws.com/elasticbeanstalk-env-resources-eu-west-1/stalks/eb_node_js_4.0.1.110.0/lib/aws-elasticbeanstalk-tools-1.20-1.noarch.rpm
 TARBALLS = https://s3.dualstack.eu-west-1.amazonaws.com/elasticbeanstalk-env-resources-eu-west-1/stalks/eb_node_js_4.0.1.110.0/lib/awseb-ruby-2.2.4-x86_64-20160503_1008.tar.gz https://s3.dualstack.eu-west-1.amazonaws.com/elasticbeanstalk-env-resources-eu-west-1/stalks/eb_node_js_4.0.1.110.0/lib/basehooks.tar.gz
 EB_GEMS = https://s3.dualstack.eu-west-1.amazonaws.com/elasticbeanstalk-env-resources-eu-west-1/stalks/eb_node_js_4.0.1.110.0/lib/beanstalk-core-2.11.gem https://s3.dualstack.eu-west-1.amazonaws.com/elasticbeanstalk-env-resources-eu-west-1/stalks/eb_node_js_4.0.1.110.0/lib/beanstalk-core-healthd-1.1.gem https://s3.dualstack.eu-west-1.amazonaws.com/elasticbeanstalk-env-resources-eu-west-1/stalks/eb_node_js_4.0.1.110.0/lib/executor-1.2.gem
 SIGNAL_URL = https://cloudformation-waitcondition-eu-west-1.s3-eu-west-1.amazonaws.com/arn%3Aaws%3Acloudformation%3Aeu-west-1%3A470576480462%3Astack/awseb-e-yxqk2dspb5-stack/350dd830-330d-11e6-9874-500c3cd570d2/AWSEBInstanceLaunchWaitHandle?AWSAccessKeyId=AKIAJRBFOG6RPGASDWGA&Expires=1466090653&Signature=FKygrB2%2FTvBAPQSkO3LqIhFwp00%3D
 STACK_ID = arn:aws:cloudformation:eu-west-1:470576480462:stack/awseb-e-yxqk2dspb5-stack/350dd830-330d-11e6-9874-500c3cd570d2
 REGION = eu-west-1
 GUID = b41a430778bb
 HEALTHD_GROUP_ID = 7e0facbc-8811-44d5-b955-1c65ad4d269b
 HEALTHD_ENDPOINT = 
 PROXY_SERVER = nginx
 HEALTHD_PROXY_LOG_LOCATION =
[2017-09-22T17:59:08.908Z] Synchronizing network time in background.
[2017-09-22T17:59:08.943Z] yum repo has already been locked to b41a430778bb.
[2017-09-22T17:59:08.948Z] yum update has already been done.
Shutting down ntpd: [2017-09-22T17:59:09.004Z] Completed creating AWS EB users and groups.
[2017-09-22T17:59:09.010Z] Started executing install_rpms https://s3.dualstack.eu-west-1.amazonaws.com/elasticbeanstalk-env-resources-eu-west-1/stalks/eb_node_js_4.0.1.110.0/lib/aws-elasticbeanstalk-tools-1.20-1.noarch.rpm.
[2017-09-22T17:59:09.014Z] Installing RPM: https://s3.dualstack.eu-west-1.amazonaws.com/elasticbeanstalk-env-resources-eu-west-1/stalks/eb_node_js_4.0.1.110.0/lib/aws-elasticbeanstalk-tools-1.20-1.noarch.rpm.
[  OK  ]
[2017-09-22T17:59:09.129Z] aws-elasticbeanstalk-tools-1.20-1.noarch has already been installed. Skip installing.
[2017-09-22T17:59:09.135Z] Command Returned: 
[2017-09-22T17:59:09.138Z] Completed executing install_rpms.
[2017-09-22T17:59:09.142Z] Started executing install_tarballs https://s3.dualstack.eu-west-1.amazonaws.com/elasticbeanstalk-env-resources-eu-west-1/stalks/eb_node_js_4.0.1.110.0/lib/awseb-ruby-2.2.4-x86_64-20160503_1008.tar.gz https://s3.dualstack.eu-west-1.amazonaws.com/elasticbeanstalk-env-resources-eu-west-1/stalks/eb_node_js_4.0.1.110.0/lib/basehooks.tar.gz.
[2017-09-22T17:59:09.158Z] Installing tarball: https://s3.dualstack.eu-west-1.amazonaws.com/elasticbeanstalk-env-resources-eu-west-1/stalks/eb_node_js_4.0.1.110.0/lib/awseb-ruby-2.2.4-x86_64-20160503_1008.tar.gz.
[2017-09-22T17:59:09.159Z] awseb-ruby-2.2.4-x86_64-20160503_1008.tar.gz has already been installed. Skip installing.
[2017-09-22T17:59:09.175Z] Installing tarball: https://s3.dualstack.eu-west-1.amazonaws.com/elasticbeanstalk-env-resources-eu-west-1/stalks/eb_node_js_4.0.1.110.0/lib/basehooks.tar.gz.
[2017-09-22T17:59:09.249Z] Command Returned: 

2017-09-22 17:59:09 URL:https://s3.dualstack.eu-west-1.amazonaws.com/elasticbeanstalk-env-resources-eu-west-1/stalks/eb_node_js_4.0.1.110.0/lib/basehooks.tar.gz [5725/5725] -> "/tmp/basehooks.tar.gz" [1]
[2017-09-22T17:59:09.262Z] Completed executing install_tarballs.
[2017-09-22T17:59:09.264Z] Started executing install_eb_gems https://s3.dualstack.eu-west-1.amazonaws.com/elasticbeanstalk-env-resources-eu-west-1/stalks/eb_node_js_4.0.1.110.0/lib/beanstalk-core-2.11.gem https://s3.dualstack.eu-west-1.amazonaws.com/elasticbeanstalk-env-resources-eu-west-1/stalks/eb_node_js_4.0.1.110.0/lib/beanstalk-core-healthd-1.1.gem https://s3.dualstack.eu-west-1.amazonaws.com/elasticbeanstalk-env-resources-eu-west-1/stalks/eb_node_js_4.0.1.110.0/lib/executor-1.2.gem.
[2017-09-22T17:59:09.288Z] Installing EB Gem: https://s3.dualstack.eu-west-1.amazonaws.com/elasticbeanstalk-env-resources-eu-west-1/stalks/eb_node_js_4.0.1.110.0/lib/beanstalk-core-2.11.gem.
[2017-09-22T17:59:09.863Z] beanstalk-core-2.11 has already been installed. Skip installing.
[2017-09-22T17:59:09.868Z] Installing EB Gem: https://s3.dualstack.eu-west-1.amazonaws.com/elasticbeanstalk-env-resources-eu-west-1/stalks/eb_node_js_4.0.1.110.0/lib/beanstalk-core-healthd-1.1.gem.
[2017-09-22T17:59:10.041Z] beanstalk-core-healthd-1.1 has already been installed. Skip installing.
[2017-09-22T17:59:10.046Z] Installing EB Gem: https://s3.dualstack.eu-west-1.amazonaws.com/elasticbeanstalk-env-resources-eu-west-1/stalks/eb_node_js_4.0.1.110.0/lib/executor-1.2.gem.
[2017-09-22T17:59:10.230Z] executor-1.2 has already been installed. Skip installing.
[2017-09-22T17:59:10.236Z] Command Returned: 
[2017-09-22T17:59:10.239Z] Completed executing install_eb_gems.
[2017-09-22T17:59:10.244Z] Starting healthd
initctl: Unknown instance: 
healthd start/running, process 2673
[2017-09-22T17:59:10.518Z] First init of instance.
[2017-09-22T17:59:10.529Z] Started executing cfn_init _OnInstanceBoot first_init.
[2017-09-22T17:59:10.537Z] Running cfn-init ConfigSet: _OnInstanceBoot.
[2017-09-22T17:59:11.245Z] Command Returned: 
[2017-09-22T17:59:11.249Z] Completed executing cfn_init.
[2017-09-22T17:59:11.328Z] Check whether controlled by launch workflow...
[2017-09-22T17:59:11.670Z] Scaled up instance. Running full self-initiated provisioning.
[2017-09-22T17:59:11.676Z] Started executing run_eb_command { "api_version" : "1.0", "request_id": "0", "command_name": "CMD-PreInit" } .
[2017-09-22T17:59:11.692Z] Running EB Command: { "api_version" : "1.0", "request_id": "0", "command_name": "CMD-PreInit" } .
[2017-09-22T17:59:17.697Z] Command Returned: {"status":"SUCCESS","api_version":"1.0","results":[{"status":"SUCCESS","msg":"","returncode":0,"events":[]}]}
[2017-09-22T17:59:17.705Z] Completed executing run_eb_command.
[2017-09-22T17:59:17.709Z] Started executing run_eb_command { "api_version" : "1.0", "request_id": "0", "command_name": "CMD-SelfStartup" } .
[2017-09-22T17:59:17.716Z] Running EB Command: { "api_version" : "1.0", "request_id": "0", "command_name": "CMD-SelfStartup" } .
22 Sep 17:59:20 ntpdate[2603]: step time server 74.117.214.3 offset 0.571591 sec
Starting ntpd: [  OK  ]
[2017-09-22T17:59:48.885Z] Command Returned: {"status":"SUCCESS","api_version":"1.0","results":[{"status":"SUCCESS","msg":"","returncode":0,"events":[]}]}
[2017-09-22T17:59:48.895Z] Completed executing run_eb_command.
[2017-09-22T17:59:48.905Z] Started executing start_cfn_hup.
[2017-09-22T17:59:48.912Z] Starting cfn-hup.
[2017-09-22T17:59:48.926Z] Command Returned: cfn-hup start/running, process 3488
[2017-09-22T17:59:48.941Z] Completed executing start_cfn_hup.
[2017-09-22T17:59:48.956Z] Successfully bootstrapped instance.
[2017-09-22T17:59:49.263Z] Sending signal 0 to CFN wait condition https://cloudformation-waitcondition-eu-west-1.s3-eu-west-1.amazonaws.com/arn%3Aaws%3Acloudformation%3Aeu-west-1%3A470576480462%3Astack/awseb-e-yxqk2dspb5-stack/350dd830-330d-11e6-9874-500c3cd570d2/AWSEBInstanceLaunchWaitHandle?AWSAccessKeyId=AKIAJRBFOG6RPGASDWGA&Expires=1466090653&Signature=FKygrB2%2FTvBAPQSkO3LqIhFwp00%3D
Error signaling CloudFormation: [Errno 403] HTTP Error 403 : <?xml version="1.0" encoding="UTF-8"?>
<Error><Code>AccessDenied</Code><Message>Request has expired</Message><Expires>2016-06-16T15:24:13Z</Expires><ServerTime>2017-09-22T17:59:50Z</ServerTime><RequestId>BB00FF6A86CBAB1B</RequestId><HostId>LgUwjRHTHdg/rQqJ6GQdTrRU7t/KNeSLlNStKA3DkcVpFfx+H0p6lEWFMKiWbtjpshAmZcX7QdM=</HostId></Error>
[2017-09-22T17:59:49.686Z] Wait Condition Signal expired.
[2017-09-22T17:59:49.690Z] Tailing /var/log/eb-commandprocessor.log

******************* eb-commandprocessor taillog *******************
  "request_id": "0",
  "command_name": "CMD-SelfStartup"
}

[2017-09-22T17:59:17.856Z] INFO  [2983]  : Command processor should execute command.
[2017-09-22T17:59:17.856Z] DEBUG [2983]  : Storing current stage..
[2017-09-22T17:59:17.856Z] DEBUG [2983]  : Stage_num does not exist. Not saving null stage. Returning..
[2017-09-22T17:59:17.856Z] DEBUG [2983]  : Reading config file: /etc/elasticbeanstalk/.aws-eb-stack.properties
[2017-09-22T17:59:17.857Z] DEBUG [2983]  : Retrieving metadata for key: AWS::ElasticBeanstalk::Ext||_ContainerConfigFileContent||commands..
[2017-09-22T17:59:17.857Z] DEBUG [2983]  : Retrieving metadata for key: AWS::ElasticBeanstalk::Ext||_API||_Commands..
[2017-09-22T17:59:17.858Z] INFO  [2983]  : Found enabled addons: ["logstreaming", "logpublish"].
[2017-09-22T17:59:17.859Z] INFO  [2983]  : Updating Command definition of addon logstreaming.
[2017-09-22T17:59:17.859Z] INFO  [2983]  : Updating Command definition of addon logpublish.
[2017-09-22T17:59:17.859Z] DEBUG [2983]  : Refreshing metadata...
[2017-09-22T17:59:17.859Z] DEBUG [2983]  : Using cached environment metadata.
[2017-09-22T17:59:17.860Z] INFO  [2983]  : Recreated directory /opt/elasticbeanstalk/deploy/configuration/.
[2017-09-22T17:59:17.860Z] DEBUG [2983]  : Retrieving metadata for key: AWS::ElasticBeanstalk::Ext||_AppSourceUrlFileContent||url..
[2017-09-22T17:59:17.860Z] INFO  [2983]  : Created appsource url file at /opt/elasticbeanstalk/deploy/configuration/appsourceurl.
[2017-09-22T17:59:17.860Z] DEBUG [2983]  : Retrieving metadata for key: AWS::ElasticBeanstalk::Ext||_ContainerConfigFileContent..
[2017-09-22T17:59:17.861Z] INFO  [2983]  : Created container config file at /opt/elasticbeanstalk/deploy/configuration/containerconfiguration.
[2017-09-22T17:59:17.861Z] DEBUG [2983]  : Retrieving metadata for key: AWS::ElasticBeanstalk::Ext||_ContainerConfigFileContent||commands..
[2017-09-22T17:59:17.862Z] DEBUG [2983]  : Retrieving metadata for key: AWS::ElasticBeanstalk::Ext||_API||_Commands..
[2017-09-22T17:59:17.863Z] INFO  [2983]  : Found enabled addons: ["logstreaming", "logpublish"].
[2017-09-22T17:59:17.863Z] INFO  [2983]  : Updating Command definition of addon logstreaming.
[2017-09-22T17:59:17.863Z] INFO  [2983]  : Updating Command definition of addon logpublish.
[2017-09-22T17:59:17.864Z] DEBUG [2983]  : Loaded definition of Command CMD-SelfStartup.
[2017-09-22T17:59:17.864Z] INFO  [2983]  : Executing Application deployment
[2017-09-22T17:59:17.864Z] INFO  [2983]  : Executing command: CMD-SelfStartup...
[2017-09-22T17:59:17.864Z] INFO  [2983]  : Executing command CMD-SelfStartup activities...
[2017-09-22T17:59:17.864Z] DEBUG [2983]  : Setting environment variables..
[2017-09-22T17:59:17.864Z] INFO  [2983]  : Running AddonsBefore for command CMD-SelfStartup...
[2017-09-22T17:59:17.980Z] DEBUG [2983]  : Running stages of Command CMD-SelfStartup from stage 0 to stage 1...
[2017-09-22T17:59:17.980Z] INFO  [2983]  : Running stage 0 of command CMD-SelfStartup...
[2017-09-22T17:59:17.980Z] DEBUG [2983]  : Loaded 7 actions for stage 0.
[2017-09-22T17:59:17.980Z] INFO  [2983]  : Running 1 of 7 actions: HealthdLogRotation...
[2017-09-22T17:59:17.984Z] INFO  [2983]  : Running 2 of 7 actions: HealthdHTTPDLogging...
[2017-09-22T17:59:17.985Z] INFO  [2983]  : Running 3 of 7 actions: HealthdNginxLogging...
[2017-09-22T17:59:17.985Z] INFO  [2983]  : Running 4 of 7 actions: EbExtensionPreBuild...
[2017-09-22T17:59:18.251Z] INFO  [2983]  : Running 5 of 7 actions: AppDeployPreHook...
[2017-09-22T17:59:42.248Z] INFO  [2983]  : Running 6 of 7 actions: EbExtensionPostBuild...
[2017-09-22T17:59:42.462Z] INFO  [2983]  : Running 7 of 7 actions: InfraCleanEbextension...
[2017-09-22T17:59:42.473Z] INFO  [2983]  : Running stage 1 of command CMD-SelfStartup...
[2017-09-22T17:59:42.473Z] DEBUG [2983]  : Loaded 3 actions for stage 1.
[2017-09-22T17:59:42.473Z] INFO  [2983]  : Running 1 of 3 actions: AppDeployEnactHook...
[2017-09-22T17:59:48.697Z] INFO  [2983]  : Running 2 of 3 actions: AppDeployPostHook...
[2017-09-22T17:59:48.698Z] INFO  [2983]  : Running 3 of 3 actions: PostInitHook...
[2017-09-22T17:59:48.698Z] INFO  [2983]  : Running AddonsAfter for command CMD-SelfStartup...
[2017-09-22T17:59:48.869Z] INFO  [2983]  : Command CMD-SelfStartup succeeded!
[2017-09-22T17:59:48.869Z] INFO  [2983]  : Command processor returning results: 
{"status":"SUCCESS","api_version":"1.0","results":[{"status":"SUCCESS","msg":"","returncode":0,"events":[]}]}
******************* End of taillog *******************


[2017-09-22T17:59:49.705Z] Tailing /var/log/eb-activity.log

******************* eb-activity taillog *******************
  ++ echo '#etc#nginx#conf.d#00_elastic_beanstalk_proxy.conf'
  + FILE_NAME=/etc/nginx/conf.d/00_elastic_beanstalk_proxy.conf
  + /bin/cp /tmp/deployment/config/#etc#nginx#conf.d#00_elastic_beanstalk_proxy.conf /etc/nginx/conf.d/00_elastic_beanstalk_proxy.conf
  + for i in '$(ls $EB_CONFIG_STAGING_DIR)'
  ++ sed -e 's/#/\//g'
  ++ echo '#etc#nginx#nginx.conf'
  + FILE_NAME=/etc/nginx/nginx.conf
  + /bin/cp /tmp/deployment/config/#etc#nginx#nginx.conf /etc/nginx/nginx.conf
[2017-09-22T17:59:46.658Z] INFO  [2983]  - [Application deployment app-68b1-170922_174828@151/StartupStage1/AppDeployEnactHook/50start.sh] : Starting activity...
[2017-09-22T17:59:48.074Z] INFO  [2983]  - [Application deployment app-68b1-170922_174828@151/StartupStage1/AppDeployEnactHook/50start.sh] : Completed activity. Result:
  + /opt/elasticbeanstalk/containerfiles/ebnode.py --action start-all
  nodejs start/running, process 3437
  nginx start/running, process 3452
[2017-09-22T17:59:48.074Z] INFO  [2983]  - [Application deployment app-68b1-170922_174828@151/StartupStage1/AppDeployEnactHook/60monitor_pids.sh] : Starting activity...
[2017-09-22T17:59:48.501Z] INFO  [2983]  - [Application deployment app-68b1-170922_174828@151/StartupStage1/AppDeployEnactHook/60monitor_pids.sh] : Completed activity. Result:
  + '[' -d /etc/healthd ']'
  ++ /opt/elasticbeanstalk/bin/get-config optionsettings --namespace aws:elasticbeanstalk:container:nodejs --option-name ProxyServer
  + PROXY_SERVER=nginx
  + case "$PROXY_SERVER" in
  + /opt/elasticbeanstalk/bin/healthd-track-pidfile --proxy nginx
  + /opt/elasticbeanstalk/bin/healthd-track-pidfile --name application --location /var/run/nodejs.pid
[2017-09-22T17:59:48.501Z] INFO  [2983]  - [Application deployment app-68b1-170922_174828@151/StartupStage1/AppDeployEnactHook/70restart_healthd.sh] : Starting activity...
[2017-09-22T17:59:48.697Z] INFO  [2983]  - [Application deployment app-68b1-170922_174828@151/StartupStage1/AppDeployEnactHook/70restart_healthd.sh] : Completed activity. Result:
  + '[' -d /etc/healthd ']'
  ++ /opt/elasticbeanstalk/bin/get-config optionsettings --namespace aws:elasticbeanstalk:container:nodejs --option-name ProxyServer
  + PROXY_SERVER=nginx
  + '[' -f /var/elasticbeanstalk/healthd/current_proxy_server ']'
  + CURRENT_PROXY_SERVER=nginx
  + '[' nginx '!=' nginx ']'
  + echo nginx
[2017-09-22T17:59:48.697Z] INFO  [2983]  - [Application deployment app-68b1-170922_174828@151/StartupStage1/AppDeployEnactHook] : Completed activity. Result:
  Successfully execute hooks in directory /opt/elasticbeanstalk/hooks/appdeploy/enact.
[2017-09-22T17:59:48.698Z] INFO  [2983]  - [Application deployment app-68b1-170922_174828@151/StartupStage1/AppDeployPostHook] : Starting activity...
[2017-09-22T17:59:48.698Z] INFO  [2983]  - [Application deployment app-68b1-170922_174828@151/StartupStage1/AppDeployPostHook] : Completed activity. Result:
  Successfully execute hooks in directory /opt/elasticbeanstalk/hooks/appdeploy/post.
[2017-09-22T17:59:48.698Z] INFO  [2983]  - [Application deployment app-68b1-170922_174828@151/StartupStage1/PostInitHook] : Starting activity...
[2017-09-22T17:59:48.698Z] INFO  [2983]  - [Application deployment app-68b1-170922_174828@151/StartupStage1/PostInitHook] : Completed activity. Result:
  Successfully execute hooks in directory /opt/elasticbeanstalk/hooks/postinit.
[2017-09-22T17:59:48.698Z] INFO  [2983]  - [Application deployment app-68b1-170922_174828@151/StartupStage1] : Completed activity. Result:
  Application deployment - Command CMD-SelfStartup stage 1 completed
[2017-09-22T17:59:48.698Z] INFO  [2983]  - [Application deployment app-68b1-170922_174828@151/AddonsAfter] : Starting activity...
[2017-09-22T17:59:48.698Z] INFO  [2983]  - [Application deployment app-68b1-170922_174828@151/AddonsAfter/ConfigLogRotation] : Starting activity...
[2017-09-22T17:59:48.698Z] INFO  [2983]  - [Application deployment app-68b1-170922_174828@151/AddonsAfter/ConfigLogRotation/10-config.sh] : Starting activity...
[2017-09-22T17:59:48.869Z] INFO  [2983]  - [Application deployment app-68b1-170922_174828@151/AddonsAfter/ConfigLogRotation/10-config.sh] : Completed activity. Result:
  Disabled forced hourly log rotation.
[2017-09-22T17:59:48.869Z] INFO  [2983]  - [Application deployment app-68b1-170922_174828@151/AddonsAfter/ConfigLogRotation] : Completed activity. Result:
  Successfully execute hooks in directory /opt/elasticbeanstalk/addons/logpublish/hooks/config.
[2017-09-22T17:59:48.869Z] INFO  [2983]  - [Application deployment app-68b1-170922_174828@151/AddonsAfter] : Completed activity.
[2017-09-22T17:59:48.869Z] INFO  [2983]  - [Application deployment app-68b1-170922_174828@151] : Completed activity. Result:
  Application deployment - Command CMD-SelfStartup succeeded
******************* End of taillog *******************


[2017-09-22T17:59:49.714Z] Tailing /var/log/eb-tools.log

******************* eb-tools taillog *******************
***eb-tools is not available yet.***
******************* End of taillog *******************


[2017-09-22T17:59:49.722Z] Tailing /var/log/eb-version-deployment.log

******************* eb-version-deployment taillog *******************
***eb-version-deployment is not available yet.***
******************* End of taillog *******************


[2017-09-22T17:59:49.730Z] Tailing /var/log/cfn-init.log

******************* cfn-init taillog *******************
2017-09-22 17:59:10,978 [INFO] -----------------------Starting build-----------------------
2017-09-22 17:59:10,985 [INFO] Running configSets: _OnInstanceBoot
2017-09-22 17:59:10,988 [INFO] Running configSet _OnInstanceBoot
2017-09-22 17:59:10,992 [INFO] Running config AWSEBBaseConfig
2017-09-22 17:59:10,997 [INFO] Command clearbackupfiles succeeded
2017-09-22 17:59:11,003 [INFO] Running config AWSEBMessageOfTheDay
2017-09-22 17:59:11,007 [INFO] Command 01clearoriginal succeeded
2017-09-22 17:59:11,010 [INFO] Command 02createbanner succeeded
2017-09-22 17:59:11,020 [INFO] Command 03updatebanner succeeded
2017-09-22 17:59:11,025 [INFO] Running config AWSEBULimitConfig
2017-09-22 17:59:11,029 [INFO] Command 00removebackup succeeded
2017-09-22 17:59:11,034 [INFO] Running config Infra-InstallContainerHooksPkg
2017-09-22 17:59:11,037 [INFO] Command 00mkdir succeeded
2017-09-22 17:59:11,192 [INFO] Command 01download_container_hooks succeeded
2017-09-22 17:59:11,198 [INFO] Command 02install_container_hooks succeeded
2017-09-22 17:59:11,201 [INFO] Command 03cleanup succeeded
2017-09-22 17:59:11,206 [INFO] Running config Infra-WriteLeaderTestScript
2017-09-22 17:59:11,212 [INFO] Running config Infra-WriteTailLogsConf
2017-09-22 17:59:11,217 [INFO] Running config Infra-WriteSystemTailLogsConf
2017-09-22 17:59:11,222 [INFO] Running config Infra-WriteBundleLogsConf
2017-09-22 17:59:11,227 [INFO] Running config Infra-WritePublishLogsConf
2017-09-22 17:59:11,231 [INFO] Running config Infra-WritePublishLogsCron
2017-09-22 17:59:11,233 [INFO] ConfigSets completed
2017-09-22 17:59:11,233 [INFO] -----------------------Build complete-----------------------
2017-09-22 17:59:18,228 [INFO] -----------------------Starting build-----------------------
2017-09-22 17:59:18,236 [INFO] Running configSets: Infra-EmbeddedPreBuild
2017-09-22 17:59:18,239 [INFO] Running configSet Infra-EmbeddedPreBuild
2017-09-22 17:59:18,239 [INFO] ConfigSets completed
2017-09-22 17:59:18,239 [INFO] -----------------------Build complete-----------------------
2017-09-22 17:59:42,441 [INFO] -----------------------Starting build-----------------------
2017-09-22 17:59:42,448 [INFO] Running configSets: Infra-EmbeddedPostBuild
2017-09-22 17:59:42,451 [INFO] Running configSet Infra-EmbeddedPostBuild
2017-09-22 17:59:42,451 [INFO] ConfigSets completed
2017-09-22 17:59:42,451 [INFO] -----------------------Build complete-----------------------
******************* End of taillog *******************


[2017-09-22T17:59:49.742Z] Tailing /var/log/cfn-hup.log

******************* cfn-hup taillog *******************
2017-09-22 17:59:49,341 [DEBUG] CloudFormation client initialized with endpoint https://cloudformation.eu-west-1.amazonaws.com
2017-09-22 17:59:49,342 [DEBUG] SQS client initialized with endpoint https://eu-west-1.queue.amazonaws.com
2017-09-22 17:59:49,342 [DEBUG] CloudFormation client initialized with endpoint https://cloudformation.eu-west-1.amazonaws.com
2017-09-22 17:59:49,342 [DEBUG] Enabled single threading mode.
2017-09-22 17:59:49,342 [DEBUG] Creating /var/lib/cfn-hup/data
2017-09-22 17:59:49,353 [DEBUG] Registering listener i-05fcfa78c9270316d for stack arn:aws:cloudformation:eu-west-1:470576480462:stack/awseb-e-yxqk2dspb5-stack/350dd830-330d-11e6-9874-500c3cd570d2
2017-09-22 17:59:49,727 [INFO] Refreshing listener credentials
2017-09-22 17:59:49,728 [DEBUG] Get listener credentials for listener i-05fcfa78c9270316d in stack arn:aws:cloudformation:eu-west-1:470576480462:stack/awseb-e-yxqk2dspb5-stack/350dd830-330d-11e6-9874-500c3cd570d2
******************* End of taillog *******************


[2017-09-22T17:59:49.757Z] Completed EB Bootstrapping Script.
+ exit 0
