[2017-09-22T17:59:11.843Z] DEBUG [2751]  : Reading config file: /etc/elasticbeanstalk/.aws-eb-stack.properties
[2017-09-22T17:59:11.844Z] DEBUG [2751]  : Checking if the command processor should execute...
[2017-09-22T17:59:11.846Z] DEBUG [2751]  : Checking whether the command is applicable to instance (i-05fcfa78c9270316d)..
[2017-09-22T17:59:11.846Z] INFO  [2751]  : Command is applicable to this instance (i-05fcfa78c9270316d)..
[2017-09-22T17:59:11.846Z] DEBUG [2751]  : Checking if the received command stage is valid..
[2017-09-22T17:59:11.846Z] INFO  [2751]  : No stage_num in command. Valid stage..
[2017-09-22T17:59:11.846Z] INFO  [2751]  : Received command CMD-PreInit: 
{
  "api_version" : "1.0",
  "request_id": "0",
  "command_name": "CMD-PreInit"
}

[2017-09-22T17:59:11.846Z] INFO  [2751]  : Command processor should execute command.
[2017-09-22T17:59:11.846Z] DEBUG [2751]  : Storing current stage..
[2017-09-22T17:59:11.846Z] DEBUG [2751]  : Stage_num does not exist. Not saving null stage. Returning..
[2017-09-22T17:59:11.846Z] DEBUG [2751]  : Reading config file: /etc/elasticbeanstalk/.aws-eb-stack.properties
[2017-09-22T17:59:11.846Z] DEBUG [2751]  : Retrieving metadata for key: AWS::ElasticBeanstalk::Ext||_ContainerConfigFileContent||commands..
[2017-09-22T17:59:11.846Z] DEBUG [2751]  : Retrieving metadata for key: AWS::ElasticBeanstalk::Ext||_API||_Commands..
[2017-09-22T17:59:11.847Z] INFO  [2751]  : Found enabled addons: ["logstreaming", "logpublish"].
[2017-09-22T17:59:11.848Z] INFO  [2751]  : Updating Command definition of addon logstreaming.
[2017-09-22T17:59:11.848Z] INFO  [2751]  : Updating Command definition of addon logpublish.
[2017-09-22T17:59:11.848Z] DEBUG [2751]  : Refreshing metadata...
[2017-09-22T17:59:11.849Z] DEBUG [2751]  : Using cached environment metadata.
[2017-09-22T17:59:11.849Z] INFO  [2751]  : Recreated directory /opt/elasticbeanstalk/deploy/configuration/.
[2017-09-22T17:59:11.849Z] DEBUG [2751]  : Retrieving metadata for key: AWS::ElasticBeanstalk::Ext||_AppSourceUrlFileContent||url..
[2017-09-22T17:59:11.849Z] INFO  [2751]  : Created appsource url file at /opt/elasticbeanstalk/deploy/configuration/appsourceurl.
[2017-09-22T17:59:11.849Z] DEBUG [2751]  : Retrieving metadata for key: AWS::ElasticBeanstalk::Ext||_ContainerConfigFileContent..
[2017-09-22T17:59:11.850Z] INFO  [2751]  : Created container config file at /opt/elasticbeanstalk/deploy/configuration/containerconfiguration.
[2017-09-22T17:59:11.850Z] DEBUG [2751]  : Retrieving metadata for key: AWS::ElasticBeanstalk::Ext||_ContainerConfigFileContent||commands..
[2017-09-22T17:59:11.851Z] DEBUG [2751]  : Retrieving metadata for key: AWS::ElasticBeanstalk::Ext||_API||_Commands..
[2017-09-22T17:59:11.852Z] INFO  [2751]  : Found enabled addons: ["logstreaming", "logpublish"].
[2017-09-22T17:59:11.853Z] INFO  [2751]  : Updating Command definition of addon logstreaming.
[2017-09-22T17:59:11.853Z] INFO  [2751]  : Updating Command definition of addon logpublish.
[2017-09-22T17:59:11.853Z] DEBUG [2751]  : Retrieving metadata for key: AWS::CloudFormation::Init||Infra-WriteApplication2||files..
[2017-09-22T17:59:11.853Z] DEBUG [2751]  : Retrieving metadata for key: AWS::ElasticBeanstalk::Ext||ManifestFileS3Key..
[2017-09-22T17:59:12.003Z] INFO  [2751]  : Finding latest manifest from bucket 'elasticbeanstalk-eu-west-1-470576480462' with prefix 'resources/environments/e-yxqk2dspb5/_runtime/versions/manifest_'.
[2017-09-22T17:59:12.216Z] INFO  [2751]  : Found manifest with key 'resources/environments/e-yxqk2dspb5/_runtime/versions/manifest_1506103085418'.
[2017-09-22T17:59:12.230Z] INFO  [2751]  : Updated manifest cache: deployment ID 151 and serial 155.
[2017-09-22T17:59:12.231Z] DEBUG [2751]  : Loaded definition of Command CMD-PreInit.
[2017-09-22T17:59:12.231Z] INFO  [2751]  : Executing Initialization
[2017-09-22T17:59:12.232Z] INFO  [2751]  : Executing command: CMD-PreInit...
[2017-09-22T17:59:12.232Z] INFO  [2751]  : Executing command CMD-PreInit activities...
[2017-09-22T17:59:12.232Z] DEBUG [2751]  : Setting environment variables..
[2017-09-22T17:59:12.232Z] INFO  [2751]  : Running AddonsBefore for command CMD-PreInit...
[2017-09-22T17:59:14.863Z] DEBUG [2751]  : Running stages of Command CMD-PreInit from stage 0 to stage 0...
[2017-09-22T17:59:14.863Z] INFO  [2751]  : Running stage 0 of command CMD-PreInit...
[2017-09-22T17:59:14.863Z] DEBUG [2751]  : Loaded 2 actions for stage 0.
[2017-09-22T17:59:14.863Z] INFO  [2751]  : Running 1 of 2 actions: DownloadSourceBundle...
[2017-09-22T17:59:15.239Z] INFO  [2751]  : Running 2 of 2 actions: PreInitHook...
[2017-09-22T17:59:17.685Z] INFO  [2751]  : Running AddonsAfter for command CMD-PreInit...
[2017-09-22T17:59:17.685Z] INFO  [2751]  : Command CMD-PreInit succeeded!
[2017-09-22T17:59:17.686Z] INFO  [2751]  : Command processor returning results: 
{"status":"SUCCESS","api_version":"1.0","results":[{"status":"SUCCESS","msg":"","returncode":0,"events":[]}]}
[2017-09-22T17:59:17.854Z] DEBUG [2983]  : Reading config file: /etc/elasticbeanstalk/.aws-eb-stack.properties
[2017-09-22T17:59:17.854Z] DEBUG [2983]  : Checking if the command processor should execute...
[2017-09-22T17:59:17.856Z] DEBUG [2983]  : Checking whether the command is applicable to instance (i-05fcfa78c9270316d)..
[2017-09-22T17:59:17.856Z] INFO  [2983]  : Command is applicable to this instance (i-05fcfa78c9270316d)..
[2017-09-22T17:59:17.856Z] DEBUG [2983]  : Checking if the received command stage is valid..
[2017-09-22T17:59:17.856Z] INFO  [2983]  : No stage_num in command. Valid stage..
[2017-09-22T17:59:17.856Z] INFO  [2983]  : Received command CMD-SelfStartup: 
{
  "api_version" : "1.0",
  "request_id": "0",
  "command_name": "CMD-SelfStartup"
}

[2017-09-22T17:59:17.856Z] INFO  [2983]  : Command processor should execute command.
[2017-09-22T17:59:17.856Z] DEBUG [2983]  : Storing current stage..
[2017-09-22T17:59:17.856Z] DEBUG [2983]  : Stage_num does not exist. Not saving null stage. Returning..
[2017-09-22T17:59:17.856Z] DEBUG [2983]  : Reading config file: /etc/elasticbeanstalk/.aws-eb-stack.properties
[2017-09-22T17:59:17.857Z] DEBUG [2983]  : Retrieving metadata for key: AWS::ElasticBeanstalk::Ext||_ContainerConfigFileContent||commands..
[2017-09-22T17:59:17.857Z] DEBUG [2983]  : Retrieving metadata for key: AWS::ElasticBeanstalk::Ext||_API||_Commands..
[2017-09-22T17:59:17.858Z] INFO  [2983]  : Found enabled addons: ["logstreaming", "logpublish"].
[2017-09-22T17:59:17.859Z] INFO  [2983]  : Updating Command definition of addon logstreaming.
[2017-09-22T17:59:17.859Z] INFO  [2983]  : Updating Command definition of addon logpublish.
[2017-09-22T17:59:17.859Z] DEBUG [2983]  : Refreshing metadata...
[2017-09-22T17:59:17.859Z] DEBUG [2983]  : Using cached environment metadata.
[2017-09-22T17:59:17.860Z] INFO  [2983]  : Recreated directory /opt/elasticbeanstalk/deploy/configuration/.
[2017-09-22T17:59:17.860Z] DEBUG [2983]  : Retrieving metadata for key: AWS::ElasticBeanstalk::Ext||_AppSourceUrlFileContent||url..
[2017-09-22T17:59:17.860Z] INFO  [2983]  : Created appsource url file at /opt/elasticbeanstalk/deploy/configuration/appsourceurl.
[2017-09-22T17:59:17.860Z] DEBUG [2983]  : Retrieving metadata for key: AWS::ElasticBeanstalk::Ext||_ContainerConfigFileContent..
[2017-09-22T17:59:17.861Z] INFO  [2983]  : Created container config file at /opt/elasticbeanstalk/deploy/configuration/containerconfiguration.
[2017-09-22T17:59:17.861Z] DEBUG [2983]  : Retrieving metadata for key: AWS::ElasticBeanstalk::Ext||_ContainerConfigFileContent||commands..
[2017-09-22T17:59:17.862Z] DEBUG [2983]  : Retrieving metadata for key: AWS::ElasticBeanstalk::Ext||_API||_Commands..
[2017-09-22T17:59:17.863Z] INFO  [2983]  : Found enabled addons: ["logstreaming", "logpublish"].
[2017-09-22T17:59:17.863Z] INFO  [2983]  : Updating Command definition of addon logstreaming.
[2017-09-22T17:59:17.863Z] INFO  [2983]  : Updating Command definition of addon logpublish.
[2017-09-22T17:59:17.864Z] DEBUG [2983]  : Loaded definition of Command CMD-SelfStartup.
[2017-09-22T17:59:17.864Z] INFO  [2983]  : Executing Application deployment
[2017-09-22T17:59:17.864Z] INFO  [2983]  : Executing command: CMD-SelfStartup...
[2017-09-22T17:59:17.864Z] INFO  [2983]  : Executing command CMD-SelfStartup activities...
[2017-09-22T17:59:17.864Z] DEBUG [2983]  : Setting environment variables..
[2017-09-22T17:59:17.864Z] INFO  [2983]  : Running AddonsBefore for command CMD-SelfStartup...
[2017-09-22T17:59:17.980Z] DEBUG [2983]  : Running stages of Command CMD-SelfStartup from stage 0 to stage 1...
[2017-09-22T17:59:17.980Z] INFO  [2983]  : Running stage 0 of command CMD-SelfStartup...
[2017-09-22T17:59:17.980Z] DEBUG [2983]  : Loaded 7 actions for stage 0.
[2017-09-22T17:59:17.980Z] INFO  [2983]  : Running 1 of 7 actions: HealthdLogRotation...
[2017-09-22T17:59:17.984Z] INFO  [2983]  : Running 2 of 7 actions: HealthdHTTPDLogging...
[2017-09-22T17:59:17.985Z] INFO  [2983]  : Running 3 of 7 actions: HealthdNginxLogging...
[2017-09-22T17:59:17.985Z] INFO  [2983]  : Running 4 of 7 actions: EbExtensionPreBuild...
[2017-09-22T17:59:18.251Z] INFO  [2983]  : Running 5 of 7 actions: AppDeployPreHook...
[2017-09-22T17:59:42.248Z] INFO  [2983]  : Running 6 of 7 actions: EbExtensionPostBuild...
[2017-09-22T17:59:42.462Z] INFO  [2983]  : Running 7 of 7 actions: InfraCleanEbextension...
[2017-09-22T17:59:42.473Z] INFO  [2983]  : Running stage 1 of command CMD-SelfStartup...
[2017-09-22T17:59:42.473Z] DEBUG [2983]  : Loaded 3 actions for stage 1.
[2017-09-22T17:59:42.473Z] INFO  [2983]  : Running 1 of 3 actions: AppDeployEnactHook...
[2017-09-22T17:59:48.697Z] INFO  [2983]  : Running 2 of 3 actions: AppDeployPostHook...
[2017-09-22T17:59:48.698Z] INFO  [2983]  : Running 3 of 3 actions: PostInitHook...
[2017-09-22T17:59:48.698Z] INFO  [2983]  : Running AddonsAfter for command CMD-SelfStartup...
[2017-09-22T17:59:48.869Z] INFO  [2983]  : Command CMD-SelfStartup succeeded!
[2017-09-22T17:59:48.869Z] INFO  [2983]  : Command processor returning results: 
{"status":"SUCCESS","api_version":"1.0","results":[{"status":"SUCCESS","msg":"","returncode":0,"events":[]}]}
[2017-09-22T18:29:51.318Z] DEBUG [25537] : Reading config file: /etc/elasticbeanstalk/.aws-eb-stack.properties
[2017-09-22T18:29:51.318Z] DEBUG [25537] : Checking if the command processor should execute...
[2017-09-22T18:29:51.321Z] DEBUG [25537] : Checking whether the command is applicable to instance (i-05fcfa78c9270316d)..
[2017-09-22T18:29:51.321Z] INFO  [25537] : Command is applicable to this instance (i-05fcfa78c9270316d)..
[2017-09-22T18:29:51.321Z] DEBUG [25537] : Checking if the received command stage is valid..
[2017-09-22T18:29:51.321Z] INFO  [25537] : No stage_num in command. Valid stage..
[2017-09-22T18:29:51.321Z] INFO  [25537] : Received command CMD-AppDeploy: {"execution_data":"{\"leader_election\":\"true\"}","instance_ids":["i-05fcfa78c9270316d"],"data":"manifest_1506104987989","command_name":"CMD-AppDeploy","api_version":"1.0","resource_name":"AWSEBAutoScalingGroup","request_id":"01438cb7-9fc4-11e7-b3de-6926c5b8e983"}
[2017-09-22T18:29:51.321Z] INFO  [25537] : Command processor should execute command.
[2017-09-22T18:29:51.321Z] DEBUG [25537] : Storing current stage..
[2017-09-22T18:29:51.321Z] DEBUG [25537] : Stage_num does not exist. Not saving null stage. Returning..
[2017-09-22T18:29:51.321Z] DEBUG [25537] : Reading config file: /etc/elasticbeanstalk/.aws-eb-stack.properties
[2017-09-22T18:29:51.321Z] DEBUG [25537] : Retrieving metadata for key: AWS::ElasticBeanstalk::Ext||_ContainerConfigFileContent||commands..
[2017-09-22T18:29:51.321Z] DEBUG [25537] : Retrieving metadata for key: AWS::ElasticBeanstalk::Ext||_API||_Commands..
[2017-09-22T18:29:51.322Z] INFO  [25537] : Found enabled addons: ["logstreaming", "logpublish"].
[2017-09-22T18:29:51.323Z] INFO  [25537] : Updating Command definition of addon logstreaming.
[2017-09-22T18:29:51.323Z] INFO  [25537] : Updating Command definition of addon logpublish.
[2017-09-22T18:29:51.323Z] DEBUG [25537] : Refreshing metadata...
[2017-09-22T18:29:51.569Z] DEBUG [25537] : Refreshed environment metadata.
[2017-09-22T18:29:51.570Z] INFO  [25537] : Recreated directory /opt/elasticbeanstalk/deploy/configuration/.
[2017-09-22T18:29:51.570Z] DEBUG [25537] : Retrieving metadata for key: AWS::ElasticBeanstalk::Ext||_AppSourceUrlFileContent||url..
[2017-09-22T18:29:51.570Z] INFO  [25537] : Created appsource url file at /opt/elasticbeanstalk/deploy/configuration/appsourceurl.
[2017-09-22T18:29:51.570Z] DEBUG [25537] : Retrieving metadata for key: AWS::ElasticBeanstalk::Ext||_ContainerConfigFileContent..
[2017-09-22T18:29:51.571Z] INFO  [25537] : Created container config file at /opt/elasticbeanstalk/deploy/configuration/containerconfiguration.
[2017-09-22T18:29:51.571Z] DEBUG [25537] : Retrieving metadata for key: AWS::ElasticBeanstalk::Ext||_ContainerConfigFileContent||commands..
[2017-09-22T18:29:51.572Z] DEBUG [25537] : Retrieving metadata for key: AWS::ElasticBeanstalk::Ext||_API||_Commands..
[2017-09-22T18:29:51.573Z] INFO  [25537] : Found enabled addons: ["logstreaming", "logpublish"].
[2017-09-22T18:29:51.573Z] INFO  [25537] : Updating Command definition of addon logstreaming.
[2017-09-22T18:29:51.573Z] INFO  [25537] : Updating Command definition of addon logpublish.
[2017-09-22T18:29:51.573Z] DEBUG [25537] : Retrieving metadata for key: AWS::CloudFormation::Init||Infra-WriteApplication2||files..
[2017-09-22T18:29:51.574Z] DEBUG [25537] : Retrieving metadata for key: AWS::ElasticBeanstalk::Ext||ManifestFileS3Key..
[2017-09-22T18:29:51.668Z] INFO  [25537] : Loading manifest from bucket 'elasticbeanstalk-eu-west-1-470576480462' using computed S3 key 'resources/environments/e-yxqk2dspb5/_runtime/versions/manifest_1506104987989'.
[2017-09-22T18:29:51.773Z] INFO  [25537] : Updated manifest cache: deployment ID 152 and serial 156.
[2017-09-22T18:29:51.773Z] DEBUG [25537] : Loaded definition of Command CMD-AppDeploy.
[2017-09-22T18:29:51.773Z] INFO  [25537] : Executing Application update
[2017-09-22T18:29:51.774Z] INFO  [25537] : Executing command: CMD-AppDeploy...
[2017-09-22T18:29:51.774Z] INFO  [25537] : Executing command CMD-AppDeploy activities...
[2017-09-22T18:29:51.774Z] DEBUG [25537] : Setting environment variables..
[2017-09-22T18:29:51.774Z] INFO  [25537] : Running AddonsBefore for command CMD-AppDeploy...
[2017-09-22T18:29:51.889Z] DEBUG [25537] : Running stages of Command CMD-AppDeploy from stage 0 to stage 1...
[2017-09-22T18:29:51.889Z] INFO  [25537] : Running stage 0 of command CMD-AppDeploy...
[2017-09-22T18:29:51.889Z] INFO  [25537] : Running leader election...
[2017-09-22T18:29:52.135Z] INFO  [25537] : Instance is Leader.
[2017-09-22T18:29:52.135Z] DEBUG [25537] : Loaded 5 actions for stage 0.
[2017-09-22T18:29:52.135Z] INFO  [25537] : Running 1 of 5 actions: DownloadSourceBundle...
[2017-09-22T18:29:52.563Z] INFO  [25537] : Running 2 of 5 actions: EbExtensionPreBuild...
[2017-09-22T18:29:52.830Z] INFO  [25537] : Running 3 of 5 actions: AppDeployPreHook...
[2017-09-22T18:30:14.046Z] INFO  [25537] : Running 4 of 5 actions: EbExtensionPostBuild...
[2017-09-22T18:30:14.320Z] INFO  [25537] : Running 5 of 5 actions: InfraCleanEbextension...
[2017-09-22T18:30:14.330Z] INFO  [25537] : Running stage 1 of command CMD-AppDeploy...
[2017-09-22T18:30:14.330Z] DEBUG [25537] : Loaded 2 actions for stage 1.
[2017-09-22T18:30:14.330Z] INFO  [25537] : Running 1 of 2 actions: AppDeployEnactHook...
[2017-09-22T18:30:20.694Z] INFO  [25537] : Running 2 of 2 actions: AppDeployPostHook...
[2017-09-22T18:30:20.694Z] INFO  [25537] : Running AddonsAfter for command CMD-AppDeploy...
[2017-09-22T18:30:20.873Z] INFO  [25537] : Command CMD-AppDeploy succeeded!
[2017-09-22T18:30:20.874Z] INFO  [25537] : Command processor returning results: 
{"status":"SUCCESS","api_version":"1.0","results":[{"status":"SUCCESS","msg":"","returncode":0,"events":[]}]}
[2017-09-22T19:23:06.449Z] DEBUG [27752] : Reading config file: /etc/elasticbeanstalk/.aws-eb-stack.properties
[2017-09-22T19:23:06.450Z] DEBUG [27752] : Checking if the command processor should execute...
[2017-09-22T19:23:06.453Z] DEBUG [27752] : Checking whether the command is applicable to instance (i-05fcfa78c9270316d)..
[2017-09-22T19:23:06.453Z] INFO  [27752] : Command is applicable to this instance (i-05fcfa78c9270316d)..
[2017-09-22T19:23:06.453Z] DEBUG [27752] : Checking if the received command stage is valid..
[2017-09-22T19:23:06.453Z] INFO  [27752] : No stage_num in command. Valid stage..
[2017-09-22T19:23:06.453Z] INFO  [27752] : Received command CMD-TailLogs: {"execution_data":"{\"aws_access_key_id\":\"ASIAIQRJDIC7CUIK7BTQ\",\"signature\":\"Mi7fKEj6k9IhH6W2yT6xBWBdmks=\",\"security_token\":\"FQoDYXdzEPX\\\/\\\/\\\/\\\/\\\/\\\/\\\/\\\/\\\/\\\/wEaDBA9umHkgQnmkTN0mCKpA5ZANEeWpDLJ52hrRaXFKTZ7FhRtgCqc2V+bNrxKH48I5L92KrNgCsIVX9QZEL\\\/WuAt1gSIAQ8tVKgh4lACm40mqrtki0+LzHYj0BZvJ5WW7CtNOKRPR6UNxdDxNvCjMQCyWrqsL39GWC+4A7\\\/Qp9mNVz7HpxzkomooCjCq0xqrG+AiBEDWZuMAQEaGPqStRC8Xv936W8oRoF9QxF4GNA1tUhVXTeJV+VwWVi8lJ1pM0GorM8wxfTvzEiQeojX0z1mCmCnCTCv0D+p600tIAvMBbtZOYEmQfRWctWmPnMKPquWoOQ1yCmygufuiarL93ZRA67sPVMmS6YeImuPtrERtAIaZHr23kujh8lLecCUvHeq6mFzRq6c8y4qdJCEwZw2HIJY1NDbkP9qdXawDQap7RbKYoVv3A6JluIWscYl5NbM7jjrLFzXYXTcOXHN2ocCOazF1454iXuFKzPMjE+FiaMMaD3Qih4XSAj4xp\\\/wmgiGdb2+lhoYn5t+e3NGQtDco\\\/fhxuMV7SkqJgGBlB8UGqziOocudkx+9By5ZsUbCihoD+OarJmneiKJjGlc4F\",\"policy\":\"eyJleHBpcmF0aW9uIjoiMjAxNy0wOS0yMlQxOTo1MzowNC43MjhaIiwiY29uZGl0aW9ucyI6W1sic3RhcnRzLXdpdGgiLCIkeC1hbXotbWV0YS10aW1lX3N0YW1wIiwiIl0sWyJzdGFydHMtd2l0aCIsIiR4LWFtei1tZXRhLXB1Ymxpc2hfbWVjaGFuaXNtIiwiIl0sWyJzdGFydHMtd2l0aCIsIiRrZXkiLCJyZXNvdXJjZXNcL2Vudmlyb25tZW50c1wvbG9nc1wvIl0sWyJzdGFydHMtd2l0aCIsIiR4LWFtei1tZXRhLWJhdGNoX2lkIiwiIl0sWyJzdGFydHMtd2l0aCIsIiR4LWFtei1tZXRhLWZpbGVfbmFtZSIsIiJdLFsic3RhcnRzLXdpdGgiLCIkeC1hbXotc2VjdXJpdHktdG9rZW4iLCIiXSxbInN0YXJ0cy13aXRoIiwiJENvbnRlbnQtVHlwZSIsIiJdLFsiZXEiLCIkYnVja2V0IiwiZWxhc3RpY2JlYW5zdGFsay1ldS13ZXN0LTEtNDcwNTc2NDgwNDYyIl0sWyJlcSIsIiRhY2wiLCJwcml2YXRlIl1dfQ==\"}","instance_ids":["i-05fcfa78c9270316d"],"data":"74dfc937-9fcb-11e7-ab7f-8dc401fa1aea","command_name":"CMD-TailLogs","api_version":"1.0","resource_name":"AWSEBAutoScalingGroup","request_id":"74dfc937-9fcb-11e7-ab7f-8dc401fa1aea"}
[2017-09-22T19:23:06.453Z] INFO  [27752] : Command processor should execute command.
[2017-09-22T19:23:06.453Z] DEBUG [27752] : Storing current stage..
[2017-09-22T19:23:06.453Z] DEBUG [27752] : Stage_num does not exist. Not saving null stage. Returning..
[2017-09-22T19:23:06.453Z] DEBUG [27752] : Reading config file: /etc/elasticbeanstalk/.aws-eb-stack.properties
[2017-09-22T19:23:06.453Z] DEBUG [27752] : Retrieving metadata for key: AWS::ElasticBeanstalk::Ext||_ContainerConfigFileContent||commands..
[2017-09-22T19:23:06.454Z] DEBUG [27752] : Retrieving metadata for key: AWS::ElasticBeanstalk::Ext||_API||_Commands..
[2017-09-22T19:23:06.454Z] INFO  [27752] : Found enabled addons: ["logstreaming", "logpublish"].
[2017-09-22T19:23:06.455Z] INFO  [27752] : Updating Command definition of addon logstreaming.
[2017-09-22T19:23:06.455Z] INFO  [27752] : Updating Command definition of addon logpublish.
[2017-09-22T19:23:06.455Z] DEBUG [27752] : Loaded definition of Command CMD-TailLogs.
[2017-09-22T19:23:06.455Z] INFO  [27752] : Executing CMD-TailLogs
[2017-09-22T19:23:06.456Z] INFO  [27752] : Executing command: CMD-TailLogs...
[2017-09-22T19:23:06.456Z] INFO  [27752] : Executing command CMD-TailLogs activities...
[2017-09-22T19:23:06.456Z] DEBUG [27752] : Setting environment variables..
[2017-09-22T19:23:06.456Z] INFO  [27752] : Running AddonsBefore for command CMD-TailLogs...
[2017-09-22T19:23:06.456Z] DEBUG [27752] : Running stages of Command CMD-TailLogs from stage 0 to stage 0...
[2017-09-22T19:23:06.456Z] INFO  [27752] : Running stage 0 of command CMD-TailLogs...
[2017-09-22T19:23:06.456Z] DEBUG [27752] : Loaded 1 actions for stage 0.
[2017-09-22T19:23:06.456Z] INFO  [27752] : Running 1 of 1 actions: TailLogs...
[2017-09-22T19:23:06.662Z] INFO  [27752] : Running AddonsAfter for command CMD-TailLogs...
[2017-09-22T19:23:06.662Z] INFO  [27752] : Command CMD-TailLogs succeeded!
[2017-09-22T19:23:06.663Z] INFO  [27752] : Command processor returning results: 
{"status":"SUCCESS","api_version":"1.0","results":[{"status":"SUCCESS","msg":"","returncode":0,"events":[{"msg":"[Instance: i-05fcfa78c9270316d] Successfully finished tailing 5 log(s)","severity":"INFO","timestamp":1506108186663}]}]}
[2017-09-22T19:24:07.274Z] DEBUG [27796] : Reading config file: /etc/elasticbeanstalk/.aws-eb-stack.properties
[2017-09-22T19:24:07.274Z] DEBUG [27796] : Checking if the command processor should execute...
[2017-09-22T19:24:07.276Z] DEBUG [27796] : Checking whether the command is applicable to instance (i-05fcfa78c9270316d)..
[2017-09-22T19:24:07.276Z] INFO  [27796] : Command is applicable to this instance (i-05fcfa78c9270316d)..
[2017-09-22T19:24:07.276Z] DEBUG [27796] : Checking if the received command stage is valid..
[2017-09-22T19:24:07.276Z] INFO  [27796] : No stage_num in command. Valid stage..
[2017-09-22T19:24:07.276Z] INFO  [27796] : Received command CMD-BundleLogs: {"execution_data":"{\"aws_access_key_id\":\"ASIAI6J55IWROHGHXINA\",\"signature\":\"v83LqdqFaF72JHppKZYZ\\\/qvZUyc=\",\"security_token\":\"FQoDYXdzEPX\\\/\\\/\\\/\\\/\\\/\\\/\\\/\\\/\\\/\\\/wEaDCjCO2zOjVWSTX5OhCKpA8Da+Jf0\\\/32N0giLhtn5XiHpDjvJ\\\/gVfAYAzS47itO0fgm2w8Wgr0+Ka4uRBpj\\\/ehSnDvAWKeMlyicB5Zd4D8IVmqHtPgWLTolPsCSHRAqepidjXdB+At4CPKxO5z8PACjWibU\\\/dldg2Bo\\\/InDV3tchR0ZO5s+qzH\\\/QmcuQtuMZdR5ofkCDv7x6lqprucPFOfCc\\\/IHXDvaSCw\\\/UHhvLPRnDVNlTdB5c98hhKBl0ln7YoBtGWDzB1lWRlOK5aJG5qQ27ZspkHJ547KZQ\\\/+ytWawrQEzmD8y5bEp\\\/5k7e4tFJKDglpsQaePHH2HsgsOpkNWbi8D\\\/4pBARDI02y4RiceGkJtgX8uJzSx6f89v0NH0bo+uzltQnN6c14YaD7s8GK1T74fng2kjBLYGAVreTj5murqLDynd38\\\/9V9MtHUDH+Vyx9ozfo\\\/oW0mBN160gASyKWaYE7HVYDQFT1nBMQn18VIgF3dGcnao5WDbZK\\\/lkJljWBmHCKFJ5P9jG6NEmYOK42tGAod4mjUZwy2vfM1ivcW0OTnx9TAxi\\\/17BCavpqtu95dhICafN7rKJnGlc4F\",\"policy\":\"eyJleHBpcmF0aW9uIjoiMjAxNy0wOS0yMlQxOTo1NDowNS43MTNaIiwiY29uZGl0aW9ucyI6W1sic3RhcnRzLXdpdGgiLCIkeC1hbXotbWV0YS10aW1lX3N0YW1wIiwiIl0sWyJzdGFydHMtd2l0aCIsIiR4LWFtei1tZXRhLXB1Ymxpc2hfbWVjaGFuaXNtIiwiIl0sWyJzdGFydHMtd2l0aCIsIiRrZXkiLCJyZXNvdXJjZXNcL2Vudmlyb25tZW50c1wvbG9nc1wvIl0sWyJzdGFydHMtd2l0aCIsIiR4LWFtei1tZXRhLWJhdGNoX2lkIiwiIl0sWyJzdGFydHMtd2l0aCIsIiR4LWFtei1tZXRhLWZpbGVfbmFtZSIsIiJdLFsic3RhcnRzLXdpdGgiLCIkeC1hbXotc2VjdXJpdHktdG9rZW4iLCIiXSxbInN0YXJ0cy13aXRoIiwiJENvbnRlbnQtVHlwZSIsIiJdLFsiZXEiLCIkYnVja2V0IiwiZWxhc3RpY2JlYW5zdGFsay1ldS13ZXN0LTEtNDcwNTc2NDgwNDYyIl0sWyJlcSIsIiRhY2wiLCJwcml2YXRlIl1dfQ==\"}","instance_ids":["i-05fcfa78c9270316d"],"data":"993fc4ca-9fcb-11e7-9bf9-d19b904e60c9","command_name":"CMD-BundleLogs","api_version":"1.0","resource_name":"AWSEBAutoScalingGroup","request_id":"993fc4ca-9fcb-11e7-9bf9-d19b904e60c9"}
[2017-09-22T19:24:07.276Z] INFO  [27796] : Command processor should execute command.
[2017-09-22T19:24:07.276Z] DEBUG [27796] : Storing current stage..
[2017-09-22T19:24:07.276Z] DEBUG [27796] : Stage_num does not exist. Not saving null stage. Returning..
[2017-09-22T19:24:07.276Z] DEBUG [27796] : Reading config file: /etc/elasticbeanstalk/.aws-eb-stack.properties
[2017-09-22T19:24:07.277Z] DEBUG [27796] : Retrieving metadata for key: AWS::ElasticBeanstalk::Ext||_ContainerConfigFileContent||commands..
[2017-09-22T19:24:07.277Z] DEBUG [27796] : Retrieving metadata for key: AWS::ElasticBeanstalk::Ext||_API||_Commands..
[2017-09-22T19:24:07.278Z] INFO  [27796] : Found enabled addons: ["logstreaming", "logpublish"].
[2017-09-22T19:24:07.279Z] INFO  [27796] : Updating Command definition of addon logstreaming.
[2017-09-22T19:24:07.279Z] INFO  [27796] : Updating Command definition of addon logpublish.
[2017-09-22T19:24:07.279Z] DEBUG [27796] : Loaded definition of Command CMD-BundleLogs.
[2017-09-22T19:24:07.279Z] INFO  [27796] : Executing CMD-BundleLogs
[2017-09-22T19:24:07.279Z] INFO  [27796] : Executing command: CMD-BundleLogs...
[2017-09-22T19:24:07.279Z] INFO  [27796] : Executing command CMD-BundleLogs activities...
[2017-09-22T19:24:07.279Z] DEBUG [27796] : Setting environment variables..
[2017-09-22T19:24:07.279Z] INFO  [27796] : Running AddonsBefore for command CMD-BundleLogs...
[2017-09-22T19:24:07.279Z] DEBUG [27796] : Running stages of Command CMD-BundleLogs from stage 0 to stage 0...
[2017-09-22T19:24:07.279Z] INFO  [27796] : Running stage 0 of command CMD-BundleLogs...
[2017-09-22T19:24:07.280Z] DEBUG [27796] : Loaded 1 actions for stage 0.
[2017-09-22T19:24:07.280Z] INFO  [27796] : Running 1 of 1 actions: BundleLogs...
